{"C:\\Users\\asuho\\plus-one\\plusone\\src\\App.tsx": {"path":"C:\\Users\\asuho\\plus-one\\plusone\\src\\App.tsx","statementMap":{"0":{"start":{"line":13,"column":0},"end":{"line":13,"column":24}},"1":{"start":{"line":1,"column":0},"end":{"line":1,"column":59}},"2":{"start":{"line":2,"column":0},"end":{"line":2,"column":38}},"3":{"start":{"line":3,"column":0},"end":{"line":3,"column":34}},"4":{"start":{"line":4,"column":0},"end":{"line":4,"column":36}},"5":{"start":{"line":5,"column":0},"end":{"line":5,"column":44}},"6":{"start":{"line":6,"column":0},"end":{"line":6,"column":32}},"7":{"start":{"line":7,"column":0},"end":{"line":7,"column":36}},"8":{"start":{"line":8,"column":0},"end":{"line":8,"column":40}},"9":{"start":{"line":9,"column":0},"end":{"line":9,"column":40}},"10":{"start":{"line":10,"column":0},"end":{"line":10,"column":36}},"11":{"start":{"line":11,"column":0},"end":{"line":11,"column":19}},"12":{"start":{"line":14,"column":2},"end":{"line":30,"column":4}}},"fnMap":{"0":{"name":"App","decl":{"start":{"line":13,"column":24},"end":{"line":13,"column":27}},"loc":{"start":{"line":13,"column":27},"end":{"line":31,"column":1}}}},"branchMap":{},"s":{"0":1,"1":1,"2":1,"3":1,"4":1,"5":1,"6":1,"7":1,"8":1,"9":1,"10":1,"11":1,"12":10},"f":{"0":10},"b":{}}
,"C:\\Users\\asuho\\plus-one\\plusone\\src\\main.tsx": {"path":"C:\\Users\\asuho\\plus-one\\plusone\\src\\main.tsx","statementMap":{"0":{"start":{"line":9,"column":0},"end":{"line":15,"column":2}}},"fnMap":{},"branchMap":{},"s":{"0":0},"f":{},"b":{}}
,"C:\\Users\\asuho\\plus-one\\plusone\\src\\.tests\\testHelpers.ts": {"path":"C:\\Users\\asuho\\plus-one\\plusone\\src\\.tests\\testHelpers.ts","statementMap":{"0":{"start":{"line":1,"column":0},"end":{"line":1,"column":26}},"1":{"start":{"line":3,"column":25},"end":{"line":24,"column":1}},"2":{"start":{"line":4,"column":13},"end":{"line":4,"column":47}},"3":{"start":{"line":7,"column":19},"end":{"line":13,"column":11}},"4":{"start":{"line":15,"column":2},"end":{"line":15,"column":38}},"5":{"start":{"line":18,"column":2},"end":{"line":18,"column":21}},"6":{"start":{"line":19,"column":2},"end":{"line":19,"column":22}},"7":{"start":{"line":20,"column":2},"end":{"line":20,"column":21}},"8":{"start":{"line":21,"column":2},"end":{"line":21,"column":24}},"9":{"start":{"line":23,"column":2},"end":{"line":23,"column":26}},"10":{"start":{"line":3,"column":13},"end":{"line":3,"column":25}}},"fnMap":{"0":{"name":"(anonymous_1)","decl":{"start":{"line":3,"column":25},"end":{"line":3,"column":28}},"loc":{"start":{"line":3,"column":30},"end":{"line":24,"column":1}}}},"branchMap":{},"s":{"0":1,"1":1,"2":3,"3":3,"4":3,"5":3,"6":3,"7":3,"8":3,"9":3,"10":1},"f":{"0":3},"b":{}}
,"C:\\Users\\asuho\\plus-one\\plusone\\src\\components\\ConnectPopup.tsx": {"path":"C:\\Users\\asuho\\plus-one\\plusone\\src\\components\\ConnectPopup.tsx","statementMap":{"0":{"start":{"line":21,"column":0},"end":{"line":21,"column":24}},"1":{"start":{"line":1,"column":0},"end":{"line":1,"column":33}},"2":{"start":{"line":2,"column":0},"end":{"line":2,"column":66}},"3":{"start":{"line":22,"column":32},"end":{"line":22,"column":44}},"4":{"start":{"line":23,"column":36},"end":{"line":23,"column":51}},"5":{"start":{"line":24,"column":28},"end":{"line":24,"column":40}},"6":{"start":{"line":26,"column":23},"end":{"line":52,"column":3}},"7":{"start":{"line":27,"column":4},"end":{"line":27,"column":23}},"8":{"start":{"line":29,"column":4},"end":{"line":32,"column":5}},"9":{"start":{"line":30,"column":6},"end":{"line":30,"column":38}},"10":{"start":{"line":31,"column":6},"end":{"line":31,"column":13}},"11":{"start":{"line":34,"column":4},"end":{"line":34,"column":23}},"12":{"start":{"line":35,"column":4},"end":{"line":35,"column":17}},"13":{"start":{"line":37,"column":4},"end":{"line":51,"column":5}},"14":{"start":{"line":38,"column":47},"end":{"line":41,"column":8}},"15":{"start":{"line":43,"column":6},"end":{"line":43,"column":78}},"16":{"start":{"line":44,"column":6},"end":{"line":44,"column":18}},"17":{"start":{"line":45,"column":6},"end":{"line":45,"column":16}},"18":{"start":{"line":46,"column":6},"end":{"line":46,"column":21}},"19":{"start":{"line":48,"column":6},"end":{"line":48,"column":83}},"20":{"start":{"line":50,"column":6},"end":{"line":50,"column":26}},"21":{"start":{"line":54,"column":22},"end":{"line":58,"column":3}},"22":{"start":{"line":55,"column":4},"end":{"line":55,"column":19}},"23":{"start":{"line":56,"column":4},"end":{"line":56,"column":17}},"24":{"start":{"line":57,"column":4},"end":{"line":57,"column":14}},"25":{"start":{"line":60,"column":2},"end":{"line":60,"column":27}},"26":{"start":{"line":60,"column":15},"end":{"line":60,"column":27}},"27":{"start":{"line":62,"column":2},"end":{"line":124,"column":4}},"28":{"start":{"line":88,"column":35},"end":{"line":88,"column":61}}},"fnMap":{"0":{"name":"ConnectPopup","decl":{"start":{"line":21,"column":24},"end":{"line":21,"column":36}},"loc":{"start":{"line":21,"column":113},"end":{"line":125,"column":1}}},"1":{"name":"(anonymous_1)","decl":{"start":{"line":26,"column":23},"end":{"line":26,"column":28}},"loc":{"start":{"line":26,"column":52},"end":{"line":52,"column":3}}},"2":{"name":"(anonymous_2)","decl":{"start":{"line":54,"column":22},"end":{"line":54,"column":25}},"loc":{"start":{"line":54,"column":27},"end":{"line":58,"column":3}}},"3":{"name":"(anonymous_3)","decl":{"start":{"line":88,"column":28},"end":{"line":88,"column":29}},"loc":{"start":{"line":88,"column":35},"end":{"line":88,"column":61}}}},"branchMap":{"0":{"loc":{"start":{"line":29,"column":4},"end":{"line":32,"column":5}},"type":"if","locations":[{"start":{"line":29,"column":4},"end":{"line":32,"column":5}},{"start":{},"end":{}}]},"1":{"loc":{"start":{"line":48,"column":15},"end":{"line":48,"column":81}},"type":"binary-expr","locations":[{"start":{"line":48,"column":15},"end":{"line":48,"column":42}},{"start":{"line":48,"column":46},"end":{"line":48,"column":81}}]},"2":{"loc":{"start":{"line":60,"column":2},"end":{"line":60,"column":27}},"type":"if","locations":[{"start":{"line":60,"column":2},"end":{"line":60,"column":27}},{"start":{},"end":{}}]},"3":{"loc":{"start":{"line":97,"column":15},"end":{"line":100,"column":null}},"type":"binary-expr","locations":[{"start":{"line":97,"column":15},"end":{"line":97,"column":20}},{"start":{"line":98,"column":16},"end":{"line":99,"column":null}}]},"4":{"loc":{"start":{"line":115,"column":26},"end":{"line":115,"column":54}},"type":"binary-expr","locations":[{"start":{"line":115,"column":26},"end":{"line":115,"column":35}},{"start":{"line":115,"column":39},"end":{"line":115,"column":54}}]},"5":{"loc":{"start":{"line":117,"column":17},"end":{"line":117,"column":58}},"type":"cond-expr","locations":[{"start":{"line":117,"column":29},"end":{"line":117,"column":41}},{"start":{"line":117,"column":44},"end":{"line":117,"column":58}}]}},"s":{"0":2,"1":2,"2":2,"3":18,"4":18,"5":18,"6":18,"7":2,"8":2,"9":0,"10":0,"11":2,"12":2,"13":2,"14":2,"15":2,"16":1,"17":1,"18":1,"19":1,"20":2,"21":18,"22":1,"23":1,"24":1,"25":18,"26":5,"27":13,"28":3},"f":{"0":18,"1":2,"2":1,"3":3},"b":{"0":[0,2],"1":[1,0],"2":[5,13],"3":[13,1],"4":[13,11],"5":[2,11]}}
,"C:\\Users\\asuho\\plus-one\\plusone\\src\\components\\Header.tsx": {"path":"C:\\Users\\asuho\\plus-one\\plusone\\src\\components\\Header.tsx","statementMap":{"0":{"start":{"line":7,"column":0},"end":{"line":7,"column":24}},"1":{"start":{"line":8,"column":2},"end":{"line":36,"column":4}}},"fnMap":{"0":{"name":"Header","decl":{"start":{"line":7,"column":24},"end":{"line":7,"column":30}},"loc":{"start":{"line":7,"column":77},"end":{"line":37,"column":1}}}},"branchMap":{"0":{"loc":{"start":{"line":27,"column":38},"end":{"line":27,"column":61}},"type":"cond-expr","locations":[{"start":{"line":27,"column":50},"end":{"line":27,"column":56}},{"start":{"line":27,"column":59},"end":{"line":27,"column":61}}]}},"s":{"0":3,"1":14},"f":{"0":14},"b":{"0":[1,13]}}
,"C:\\Users\\asuho\\plus-one\\plusone\\src\\components\\PageTemplate.tsx": {"path":"C:\\Users\\asuho\\plus-one\\plusone\\src\\components\\PageTemplate.tsx","statementMap":{"0":{"start":{"line":10,"column":0},"end":{"line":10,"column":24}},"1":{"start":{"line":1,"column":0},"end":{"line":1,"column":57}},"2":{"start":{"line":2,"column":0},"end":{"line":2,"column":30}},"3":{"start":{"line":3,"column":0},"end":{"line":3,"column":32}},"4":{"start":{"line":14,"column":32},"end":{"line":14,"column":47}},"5":{"start":{"line":16,"column":2},"end":{"line":28,"column":4}},"6":{"start":{"line":21,"column":27},"end":{"line":21,"column":48}},"7":{"start":{"line":21,"column":45},"end":{"line":21,"column":47}},"8":{"start":{"line":24,"column":47},"end":{"line":24,"column":64}}},"fnMap":{"0":{"name":"Shell","decl":{"start":{"line":10,"column":24},"end":{"line":10,"column":29}},"loc":{"start":{"line":13,"column":32},"end":{"line":29,"column":1}}},"1":{"name":"(anonymous_2)","decl":{"start":{"line":21,"column":21},"end":{"line":21,"column":24}},"loc":{"start":{"line":21,"column":27},"end":{"line":21,"column":48}}},"2":{"name":"(anonymous_3)","decl":{"start":{"line":21,"column":38},"end":{"line":21,"column":39}},"loc":{"start":{"line":21,"column":45},"end":{"line":21,"column":47}}},"3":{"name":"(anonymous_4)","decl":{"start":{"line":24,"column":41},"end":{"line":24,"column":44}},"loc":{"start":{"line":24,"column":47},"end":{"line":24,"column":64}}}},"branchMap":{},"s":{"0":2,"1":2,"2":2,"3":2,"4":13,"5":13,"6":2,"7":2,"8":0},"f":{"0":13,"1":2,"2":2,"3":0},"b":{}}
,"C:\\Users\\asuho\\plus-one\\plusone\\src\\components\\Sidebar.tsx": {"path":"C:\\Users\\asuho\\plus-one\\plusone\\src\\components\\Sidebar.tsx","statementMap":{"0":{"start":{"line":8,"column":0},"end":{"line":8,"column":24}},"1":{"start":{"line":1,"column":0},"end":{"line":1,"column":66}},"2":{"start":{"line":9,"column":23},"end":{"line":9,"column":36}},"3":{"start":{"line":10,"column":19},"end":{"line":10,"column":32}},"4":{"start":{"line":12,"column":16},"end":{"line":17,"column":4}},"5":{"start":{"line":19,"column":23},"end":{"line":23,"column":3}},"6":{"start":{"line":20,"column":4},"end":{"line":20,"column":36}},"7":{"start":{"line":21,"column":4},"end":{"line":21,"column":14}},"8":{"start":{"line":22,"column":4},"end":{"line":22,"column":23}},"9":{"start":{"line":25,"column":2},"end":{"line":73,"column":4}},"10":{"start":{"line":48,"column":12},"end":{"line":48,"column":34}}},"fnMap":{"0":{"name":"Sidebar","decl":{"start":{"line":8,"column":24},"end":{"line":8,"column":31}},"loc":{"start":{"line":8,"column":65},"end":{"line":74,"column":1}}},"1":{"name":"(anonymous_1)","decl":{"start":{"line":19,"column":23},"end":{"line":19,"column":26}},"loc":{"start":{"line":19,"column":28},"end":{"line":23,"column":3}}},"2":{"name":"(anonymous_2)","decl":{"start":{"line":47,"column":21},"end":{"line":47,"column":22}},"loc":{"start":{"line":48,"column":12},"end":{"line":48,"column":34}}}},"branchMap":{"0":{"loc":{"start":{"line":29,"column":38},"end":{"line":29,"column":58}},"type":"cond-expr","locations":[{"start":{"line":29,"column":47},"end":{"line":29,"column":53}},{"start":{"line":29,"column":56},"end":{"line":29,"column":58}}]},"1":{"loc":{"start":{"line":35,"column":37},"end":{"line":35,"column":57}},"type":"cond-expr","locations":[{"start":{"line":35,"column":46},"end":{"line":35,"column":52}},{"start":{"line":35,"column":55},"end":{"line":35,"column":57}}]},"2":{"loc":{"start":{"line":53,"column":18},"end":{"line":53,"column":null}},"type":"cond-expr","locations":[{"start":{"line":53,"column":41},"end":{"line":53,"column":55}},{"start":{"line":53,"column":58},"end":{"line":53,"column":null}}]}},"s":{"0":3,"1":3,"2":15,"3":15,"4":15,"5":15,"6":1,"7":1,"8":1,"9":15,"10":60},"f":{"0":15,"1":1,"2":60},"b":{"0":[3,12],"1":[3,12],"2":[12,48]}}
,"C:\\Users\\asuho\\plus-one\\plusone\\src\\components\\UserProfileCard.tsx": {"path":"C:\\Users\\asuho\\plus-one\\plusone\\src\\components\\UserProfileCard.tsx","statementMap":{"0":{"start":{"line":36,"column":0},"end":{"line":36,"column":24}},"1":{"start":{"line":1,"column":0},"end":{"line":1,"column":44}},"2":{"start":{"line":2,"column":0},"end":{"line":2,"column":66}},"3":{"start":{"line":3,"column":0},"end":{"line":3,"column":42}},"4":{"start":{"line":37,"column":50},"end":{"line":37,"column":77}},"5":{"start":{"line":38,"column":50},"end":{"line":38,"column":65}},"6":{"start":{"line":39,"column":36},"end":{"line":39,"column":51}},"7":{"start":{"line":41,"column":2},"end":{"line":43,"column":35}},"8":{"start":{"line":42,"column":4},"end":{"line":42,"column":27}},"9":{"start":{"line":45,"column":31},"end":{"line":54,"column":3}},"10":{"start":{"line":46,"column":4},"end":{"line":53,"column":5}},"11":{"start":{"line":47,"column":21},"end":{"line":47,"column":92}},"12":{"start":{"line":48,"column":6},"end":{"line":48,"column":34}},"13":{"start":{"line":50,"column":6},"end":{"line":50,"column":64}},"14":{"start":{"line":52,"column":6},"end":{"line":52,"column":37}},"15":{"start":{"line":56,"column":29},"end":{"line":60,"column":3}},"16":{"start":{"line":57,"column":4},"end":{"line":59,"column":5}},"17":{"start":{"line":58,"column":6},"end":{"line":58,"column":32}},"18":{"start":{"line":62,"column":34},"end":{"line":65,"column":3}},"19":{"start":{"line":63,"column":4},"end":{"line":63,"column":35}},"20":{"start":{"line":64,"column":4},"end":{"line":64,"column":25}},"21":{"start":{"line":67,"column":24},"end":{"line":76,"column":3}},"22":{"start":{"line":68,"column":4},"end":{"line":75,"column":5}},"23":{"start":{"line":70,"column":8},"end":{"line":70,"column":25}},"24":{"start":{"line":72,"column":8},"end":{"line":72,"column":25}},"25":{"start":{"line":74,"column":8},"end":{"line":74,"column":25}},"26":{"start":{"line":78,"column":25},"end":{"line":87,"column":3}},"27":{"start":{"line":79,"column":4},"end":{"line":86,"column":5}},"28":{"start":{"line":81,"column":8},"end":{"line":81,"column":33}},"29":{"start":{"line":83,"column":8},"end":{"line":83,"column":33}},"30":{"start":{"line":85,"column":8},"end":{"line":85,"column":33}},"31":{"start":{"line":89,"column":27},"end":{"line":92,"column":3}},"32":{"start":{"line":90,"column":19},"end":{"line":90,"column":63}},"33":{"start":{"line":91,"column":4},"end":{"line":91,"column":41}},"34":{"start":{"line":94,"column":2},"end":{"line":189,"column":4}},"35":{"start":{"line":153,"column":20},"end":{"line":154,"column":null}},"36":{"start":{"line":179,"column":23},"end":{"line":179,"column":49}}},"fnMap":{"0":{"name":"UserProfileCard","decl":{"start":{"line":36,"column":24},"end":{"line":36,"column":39}},"loc":{"start":{"line":36,"column":105},"end":{"line":190,"column":1}}},"1":{"name":"(anonymous_2)","decl":{"start":{"line":41,"column":12},"end":{"line":41,"column":15}},"loc":{"start":{"line":41,"column":17},"end":{"line":43,"column":3}}},"2":{"name":"(anonymous_3)","decl":{"start":{"line":45,"column":31},"end":{"line":45,"column":36}},"loc":{"start":{"line":45,"column":42},"end":{"line":54,"column":3}}},"3":{"name":"(anonymous_4)","decl":{"start":{"line":56,"column":29},"end":{"line":56,"column":32}},"loc":{"start":{"line":56,"column":34},"end":{"line":60,"column":3}}},"4":{"name":"(anonymous_5)","decl":{"start":{"line":62,"column":34},"end":{"line":62,"column":37}},"loc":{"start":{"line":62,"column":39},"end":{"line":65,"column":3}}},"5":{"name":"(anonymous_6)","decl":{"start":{"line":67,"column":24},"end":{"line":67,"column":27}},"loc":{"start":{"line":67,"column":29},"end":{"line":76,"column":3}}},"6":{"name":"(anonymous_7)","decl":{"start":{"line":78,"column":25},"end":{"line":78,"column":28}},"loc":{"start":{"line":78,"column":30},"end":{"line":87,"column":3}}},"7":{"name":"(anonymous_8)","decl":{"start":{"line":89,"column":27},"end":{"line":89,"column":28}},"loc":{"start":{"line":89,"column":45},"end":{"line":92,"column":3}}},"8":{"name":"(anonymous_9)","decl":{"start":{"line":152,"column":58},"end":{"line":152,"column":59}},"loc":{"start":{"line":153,"column":20},"end":{"line":154,"column":null}}},"9":{"name":"(anonymous_10)","decl":{"start":{"line":179,"column":17},"end":{"line":179,"column":20}},"loc":{"start":{"line":179,"column":23},"end":{"line":179,"column":49}}}},"branchMap":{"0":{"loc":{"start":{"line":57,"column":4},"end":{"line":59,"column":5}},"type":"if","locations":[{"start":{"line":57,"column":4},"end":{"line":59,"column":5}},{"start":{},"end":{}}]},"1":{"loc":{"start":{"line":68,"column":4},"end":{"line":75,"column":5}},"type":"switch","locations":[{"start":{"line":69,"column":6},"end":{"line":70,"column":25}},{"start":{"line":71,"column":6},"end":{"line":72,"column":25}},{"start":{"line":73,"column":6},"end":{"line":74,"column":25}}]},"2":{"loc":{"start":{"line":79,"column":4},"end":{"line":86,"column":5}},"type":"switch","locations":[{"start":{"line":80,"column":6},"end":{"line":81,"column":33}},{"start":{"line":82,"column":6},"end":{"line":83,"column":33}},{"start":{"line":84,"column":6},"end":{"line":85,"column":33}}]},"3":{"loc":{"start":{"line":110,"column":17},"end":{"line":120,"column":null}},"type":"cond-expr","locations":[{"start":{"line":111,"column":18},"end":{"line":115,"column":null}},{"start":{"line":118,"column":18},"end":{"line":119,"column":null}}]},"4":{"loc":{"start":{"line":138,"column":35},"end":{"line":139,"column":87}},"type":"cond-expr","locations":[{"start":{"line":138,"column":68},"end":{"line":138,"column":77}},{"start":{"line":139,"column":33},"end":{"line":139,"column":87}}]},"5":{"loc":{"start":{"line":139,"column":33},"end":{"line":139,"column":87}},"type":"cond-expr","locations":[{"start":{"line":139,"column":66},"end":{"line":139,"column":75}},{"start":{"line":139,"column":78},"end":{"line":139,"column":87}}]},"6":{"loc":{"start":{"line":141,"column":25},"end":{"line":141,"column":73}},"type":"cond-expr","locations":[{"start":{"line":141,"column":58},"end":{"line":141,"column":64}},{"start":{"line":141,"column":67},"end":{"line":141,"column":73}}]},"7":{"loc":{"start":{"line":149,"column":13},"end":{"line":171,"column":null}},"type":"binary-expr","locations":[{"start":{"line":149,"column":13},"end":{"line":149,"column":35}},{"start":{"line":149,"column":39},"end":{"line":149,"column":72}},{"start":{"line":150,"column":14},"end":{"line":170,"column":null}}]},"8":{"loc":{"start":{"line":165,"column":19},"end":{"line":168,"column":null}},"type":"binary-expr","locations":[{"start":{"line":165,"column":19},"end":{"line":165,"column":52}},{"start":{"line":166,"column":20},"end":{"line":167,"column":null}}]}},"s":{"0":1,"1":1,"2":1,"3":1,"4":7,"5":7,"6":7,"7":7,"8":3,"9":7,"10":3,"11":3,"12":3,"13":0,"14":0,"15":7,"16":1,"17":1,"18":7,"19":0,"20":0,"21":7,"22":7,"23":2,"24":1,"25":4,"26":7,"27":7,"28":2,"29":1,"30":4,"31":7,"32":21,"33":21,"34":7,"35":21,"36":0},"f":{"0":7,"1":3,"2":3,"3":1,"4":0,"5":7,"6":7,"7":21,"8":21,"9":0},"b":{"0":[1,0],"1":[2,1,4],"2":[2,1,4],"3":[0,7],"4":[2,5],"5":[1,4],"6":[1,6],"7":[7,7,7],"8":[7,7]}}
,"C:\\Users\\asuho\\plus-one\\plusone\\src\\pages\\Home.tsx": {"path":"C:\\Users\\asuho\\plus-one\\plusone\\src\\pages\\Home.tsx","statementMap":{"0":{"start":{"line":32,"column":32},"end":{"line":32,"column":47}},"1":{"start":{"line":33,"column":28},"end":{"line":33,"column":55}},"2":{"start":{"line":34,"column":32},"end":{"line":34,"column":46}},"3":{"start":{"line":35,"column":28},"end":{"line":35,"column":40}},"4":{"start":{"line":37,"column":15},"end":{"line":43,"column":6}},"5":{"start":{"line":38,"column":4},"end":{"line":42,"column":5}},"6":{"start":{"line":39,"column":6},"end":{"line":39,"column":64}},"7":{"start":{"line":41,"column":6},"end":{"line":41,"column":18}},"8":{"start":{"line":45,"column":2},"end":{"line":49,"column":21}},"9":{"start":{"line":46,"column":4},"end":{"line":48,"column":5}},"10":{"start":{"line":47,"column":6},"end":{"line":47,"column":24}},"11":{"start":{"line":51,"column":26},"end":{"line":62,"column":3}},"12":{"start":{"line":52,"column":4},"end":{"line":61,"column":5}},"13":{"start":{"line":53,"column":6},"end":{"line":53,"column":23}},"14":{"start":{"line":54,"column":26},"end":{"line":54,"column":77}},"15":{"start":{"line":55,"column":6},"end":{"line":55,"column":28}},"16":{"start":{"line":57,"column":6},"end":{"line":57,"column":39}},"17":{"start":{"line":58,"column":6},"end":{"line":58,"column":49}},"18":{"start":{"line":60,"column":6},"end":{"line":60,"column":24}},"19":{"start":{"line":64,"column":33},"end":{"line":67,"column":3}},"20":{"start":{"line":66,"column":4},"end":{"line":66,"column":22}},"21":{"start":{"line":69,"column":2},"end":{"line":147,"column":4}},"22":{"start":{"line":80,"column":25},"end":{"line":80,"column":46}},"23":{"start":{"line":80,"column":43},"end":{"line":80,"column":45}},"24":{"start":{"line":100,"column":47},"end":{"line":100,"column":64}},"25":{"start":{"line":135,"column":14},"end":{"line":136,"column":null}}},"fnMap":{"0":{"name":"Home","decl":{"start":{"line":31,"column":9},"end":{"line":31,"column":13}},"loc":{"start":{"line":31,"column":13},"end":{"line":148,"column":1}}},"1":{"name":"(anonymous_1)","decl":{"start":{"line":37,"column":16},"end":{"line":37,"column":19}},"loc":{"start":{"line":37,"column":21},"end":{"line":43,"column":3}}},"2":{"name":"(anonymous_2)","decl":{"start":{"line":45,"column":12},"end":{"line":45,"column":15}},"loc":{"start":{"line":45,"column":17},"end":{"line":49,"column":3}}},"3":{"name":"(anonymous_3)","decl":{"start":{"line":51,"column":26},"end":{"line":51,"column":31}},"loc":{"start":{"line":51,"column":37},"end":{"line":62,"column":3}}},"4":{"name":"(anonymous_4)","decl":{"start":{"line":64,"column":33},"end":{"line":64,"column":36}},"loc":{"start":{"line":64,"column":38},"end":{"line":67,"column":3}}},"5":{"name":"(anonymous_5)","decl":{"start":{"line":80,"column":19},"end":{"line":80,"column":22}},"loc":{"start":{"line":80,"column":25},"end":{"line":80,"column":46}}},"6":{"name":"(anonymous_6)","decl":{"start":{"line":80,"column":36},"end":{"line":80,"column":37}},"loc":{"start":{"line":80,"column":43},"end":{"line":80,"column":45}}},"7":{"name":"(anonymous_7)","decl":{"start":{"line":100,"column":41},"end":{"line":100,"column":44}},"loc":{"start":{"line":100,"column":47},"end":{"line":100,"column":64}}},"8":{"name":"(anonymous_8)","decl":{"start":{"line":134,"column":23},"end":{"line":134,"column":24}},"loc":{"start":{"line":135,"column":14},"end":{"line":136,"column":null}}}},"branchMap":{"0":{"loc":{"start":{"line":39,"column":24},"end":{"line":39,"column":62}},"type":"binary-expr","locations":[{"start":{"line":39,"column":24},"end":{"line":39,"column":52}},{"start":{"line":39,"column":56},"end":{"line":39,"column":62}}]},"1":{"loc":{"start":{"line":46,"column":4},"end":{"line":48,"column":5}},"type":"if","locations":[{"start":{"line":46,"column":4},"end":{"line":48,"column":5}},{"start":{},"end":{}}]},"2":{"loc":{"start":{"line":91,"column":39},"end":{"line":91,"column":60}},"type":"cond-expr","locations":[{"start":{"line":91,"column":49},"end":{"line":91,"column":55}},{"start":{"line":91,"column":58},"end":{"line":91,"column":60}}]},"3":{"loc":{"start":{"line":105,"column":14},"end":{"line":105,"column":39}},"type":"binary-expr","locations":[{"start":{"line":105,"column":14},"end":{"line":105,"column":29}},{"start":{"line":105,"column":33},"end":{"line":105,"column":39}}]},"4":{"loc":{"start":{"line":117,"column":9},"end":{"line":142,"column":null}},"type":"cond-expr","locations":[{"start":{"line":118,"column":10},"end":{"line":122,"column":null}},{"start":{"line":124,"column":12},"end":{"line":142,"column":null}}]},"5":{"loc":{"start":{"line":124,"column":12},"end":{"line":142,"column":null}},"type":"cond-expr","locations":[{"start":{"line":125,"column":10},"end":{"line":126,"column":null}},{"start":{"line":128,"column":12},"end":{"line":142,"column":null}}]},"6":{"loc":{"start":{"line":128,"column":12},"end":{"line":142,"column":null}},"type":"cond-expr","locations":[{"start":{"line":129,"column":10},"end":{"line":130,"column":null}},{"start":{"line":133,"column":10},"end":{"line":141,"column":null}}]}},"s":{"0":0,"1":0,"2":0,"3":0,"4":0,"5":0,"6":0,"7":0,"8":0,"9":0,"10":0,"11":0,"12":0,"13":0,"14":0,"15":0,"16":0,"17":0,"18":0,"19":0,"20":0,"21":0,"22":0,"23":0,"24":0,"25":0},"f":{"0":0,"1":0,"2":0,"3":0,"4":0,"5":0,"6":0,"7":0,"8":0},"b":{"0":[0,0],"1":[0,0],"2":[0,0],"3":[0,0],"4":[0,0],"5":[0,0],"6":[0,0]}}
,"C:\\Users\\asuho\\plus-one\\plusone\\src\\pages\\Landing.tsx": {"path":"C:\\Users\\asuho\\plus-one\\plusone\\src\\pages\\Landing.tsx","statementMap":{"0":{"start":{"line":1,"column":0},"end":{"line":1,"column":40}},"1":{"start":{"line":4,"column":2},"end":{"line":26,"column":4}},"2":{"start":{"line":29,"column":0},"end":{"line":29,"column":23}}},"fnMap":{"0":{"name":"Landing","decl":{"start":{"line":3,"column":9},"end":{"line":3,"column":16}},"loc":{"start":{"line":3,"column":16},"end":{"line":27,"column":1}}}},"branchMap":{},"s":{"0":1,"1":2,"2":1},"f":{"0":2},"b":{}}
,"C:\\Users\\asuho\\plus-one\\plusone\\src\\pages\\Login.tsx": {"path":"C:\\Users\\asuho\\plus-one\\plusone\\src\\pages\\Login.tsx","statementMap":{"0":{"start":{"line":7,"column":0},"end":{"line":7,"column":24}},"1":{"start":{"line":1,"column":0},"end":{"line":1,"column":33}},"2":{"start":{"line":3,"column":0},"end":{"line":3,"column":53}},"3":{"start":{"line":4,"column":0},"end":{"line":4,"column":54}},"4":{"start":{"line":5,"column":0},"end":{"line":5,"column":60}},"5":{"start":{"line":8,"column":19},"end":{"line":8,"column":32}},"6":{"start":{"line":11,"column":34},"end":{"line":14,"column":4}},"7":{"start":{"line":17,"column":28},"end":{"line":17,"column":40}},"8":{"start":{"line":18,"column":36},"end":{"line":18,"column":51}},"9":{"start":{"line":21,"column":23},"end":{"line":29,"column":3}},"10":{"start":{"line":22,"column":28},"end":{"line":22,"column":36}},"11":{"start":{"line":23,"column":4},"end":{"line":26,"column":8}},"12":{"start":{"line":23,"column":27},"end":{"line":26,"column":6}},"13":{"start":{"line":28,"column":4},"end":{"line":28,"column":17}},"14":{"start":{"line":32,"column":23},"end":{"line":85,"column":3}},"15":{"start":{"line":33,"column":4},"end":{"line":33,"column":23}},"16":{"start":{"line":34,"column":4},"end":{"line":34,"column":17}},"17":{"start":{"line":36,"column":4},"end":{"line":39,"column":5}},"18":{"start":{"line":37,"column":6},"end":{"line":37,"column":44}},"19":{"start":{"line":38,"column":6},"end":{"line":38,"column":13}},"20":{"start":{"line":41,"column":4},"end":{"line":41,"column":23}},"21":{"start":{"line":43,"column":4},"end":{"line":84,"column":5}},"22":{"start":{"line":45,"column":23},"end":{"line":48,"column":8}},"23":{"start":{"line":50,"column":6},"end":{"line":79,"column":7}},"24":{"start":{"line":52,"column":8},"end":{"line":60,"column":10}},"25":{"start":{"line":63,"column":8},"end":{"line":76,"column":9}},"26":{"start":{"line":64,"column":10},"end":{"line":73,"column":11}},"27":{"start":{"line":65,"column":28},"end":{"line":65,"column":76}},"28":{"start":{"line":66,"column":12},"end":{"line":70,"column":13}},"29":{"start":{"line":67,"column":14},"end":{"line":67,"column":32}},"30":{"start":{"line":69,"column":14},"end":{"line":69,"column":38}},"31":{"start":{"line":72,"column":12},"end":{"line":72,"column":30}},"32":{"start":{"line":75,"column":10},"end":{"line":75,"column":28}},"33":{"start":{"line":78,"column":8},"end":{"line":78,"column":35}},"34":{"start":{"line":81,"column":6},"end":{"line":81,"column":70}},"35":{"start":{"line":83,"column":6},"end":{"line":83,"column":26}},"36":{"start":{"line":87,"column":2},"end":{"line":140,"column":4}}},"fnMap":{"0":{"name":"Login","decl":{"start":{"line":7,"column":24},"end":{"line":7,"column":29}},"loc":{"start":{"line":7,"column":29},"end":{"line":141,"column":1}}},"1":{"name":"(anonymous_1)","decl":{"start":{"line":21,"column":23},"end":{"line":21,"column":24}},"loc":{"start":{"line":21,"column":66},"end":{"line":29,"column":3}}},"2":{"name":"(anonymous_2)","decl":{"start":{"line":23,"column":16},"end":{"line":23,"column":17}},"loc":{"start":{"line":23,"column":27},"end":{"line":26,"column":6}}},"3":{"name":"(anonymous_3)","decl":{"start":{"line":32,"column":23},"end":{"line":32,"column":28}},"loc":{"start":{"line":32,"column":63},"end":{"line":85,"column":3}}}},"branchMap":{"0":{"loc":{"start":{"line":36,"column":4},"end":{"line":39,"column":5}},"type":"if","locations":[{"start":{"line":36,"column":4},"end":{"line":39,"column":5}},{"start":{},"end":{}}]},"1":{"loc":{"start":{"line":36,"column":8},"end":{"line":36,"column":45}},"type":"binary-expr","locations":[{"start":{"line":36,"column":8},"end":{"line":36,"column":23}},{"start":{"line":36,"column":27},"end":{"line":36,"column":45}}]},"2":{"loc":{"start":{"line":50,"column":6},"end":{"line":79,"column":7}},"type":"if","locations":[{"start":{"line":50,"column":6},"end":{"line":79,"column":7}},{"start":{"line":77,"column":13},"end":{"line":79,"column":7}}]},"3":{"loc":{"start":{"line":64,"column":10},"end":{"line":73,"column":11}},"type":"if","locations":[{"start":{"line":64,"column":10},"end":{"line":73,"column":11}},{"start":{"line":71,"column":17},"end":{"line":73,"column":11}}]},"4":{"loc":{"start":{"line":66,"column":12},"end":{"line":70,"column":13}},"type":"if","locations":[{"start":{"line":66,"column":12},"end":{"line":70,"column":13}},{"start":{"line":68,"column":19},"end":{"line":70,"column":13}}]},"5":{"loc":{"start":{"line":81,"column":15},"end":{"line":81,"column":68}},"type":"binary-expr","locations":[{"start":{"line":81,"column":15},"end":{"line":81,"column":26}},{"start":{"line":81,"column":30},"end":{"line":81,"column":68}}]},"6":{"loc":{"start":{"line":94,"column":11},"end":{"line":97,"column":null}},"type":"binary-expr","locations":[{"start":{"line":94,"column":11},"end":{"line":94,"column":16}},{"start":{"line":95,"column":12},"end":{"line":96,"column":null}}]},"7":{"loc":{"start":{"line":124,"column":15},"end":{"line":124,"column":53}},"type":"cond-expr","locations":[{"start":{"line":124,"column":27},"end":{"line":124,"column":42}},{"start":{"line":124,"column":45},"end":{"line":124,"column":53}}]}},"s":{"0":1,"1":1,"2":1,"3":1,"4":1,"5":16,"6":16,"7":16,"8":16,"9":16,"10":6,"11":6,"12":6,"13":6,"14":16,"15":3,"16":3,"17":3,"18":0,"19":0,"20":3,"21":3,"22":3,"23":3,"24":2,"25":2,"26":2,"27":2,"28":2,"29":1,"30":1,"31":0,"32":0,"33":1,"34":0,"35":3,"36":16},"f":{"0":16,"1":6,"2":6,"3":3},"b":{"0":[0,3],"1":[3,3],"2":[2,1],"3":[2,0],"4":[1,1],"5":[0,0],"6":[16,1],"7":[3,13]}}
,"C:\\Users\\asuho\\plus-one\\plusone\\src\\pages\\MakePost.tsx": {"path":"C:\\Users\\asuho\\plus-one\\plusone\\src\\pages\\MakePost.tsx","statementMap":{"0":{"start":{"line":7,"column":0},"end":{"line":7,"column":24}},"1":{"start":{"line":1,"column":0},"end":{"line":1,"column":61}},"2":{"start":{"line":2,"column":0},"end":{"line":2,"column":60}},"3":{"start":{"line":3,"column":0},"end":{"line":3,"column":44}},"4":{"start":{"line":4,"column":0},"end":{"line":4,"column":54}},"5":{"start":{"line":8,"column":32},"end":{"line":8,"column":47}},"6":{"start":{"line":9,"column":28},"end":{"line":9,"column":40}},"7":{"start":{"line":10,"column":34},"end":{"line":10,"column":62}},"8":{"start":{"line":11,"column":40},"end":{"line":11,"column":52}},"9":{"start":{"line":12,"column":26},"end":{"line":12,"column":53}},"10":{"start":{"line":13,"column":34},"end":{"line":13,"column":73}},"11":{"start":{"line":14,"column":36},"end":{"line":14,"column":56}},"12":{"start":{"line":16,"column":23},"end":{"line":16,"column":60}},"13":{"start":{"line":17,"column":19},"end":{"line":17,"column":32}},"14":{"start":{"line":18,"column":20},"end":{"line":18,"column":64}},"15":{"start":{"line":20,"column":15},"end":{"line":22,"column":8}},"16":{"start":{"line":21,"column":4},"end":{"line":21,"column":93}},"17":{"start":{"line":21,"column":10},"end":{"line":21,"column":68}},"18":{"start":{"line":21,"column":79},"end":{"line":21,"column":91}},"19":{"start":{"line":25,"column":2},"end":{"line":34,"column":14}},"20":{"start":{"line":26,"column":4},"end":{"line":33,"column":5}},"21":{"start":{"line":27,"column":16},"end":{"line":27,"column":26}},"22":{"start":{"line":28,"column":6},"end":{"line":28,"column":24}},"23":{"start":{"line":29,"column":6},"end":{"line":29,"column":30}},"24":{"start":{"line":30,"column":6},"end":{"line":30,"column":36}},"25":{"start":{"line":31,"column":6},"end":{"line":31,"column":43}},"26":{"start":{"line":32,"column":6},"end":{"line":32,"column":38}},"27":{"start":{"line":36,"column":31},"end":{"line":39,"column":3}},"28":{"start":{"line":37,"column":4},"end":{"line":37,"column":23}},"29":{"start":{"line":38,"column":4},"end":{"line":38,"column":44}},"30":{"start":{"line":38,"column":27},"end":{"line":38,"column":44}},"31":{"start":{"line":41,"column":21},"end":{"line":41,"column":56}},"32":{"start":{"line":41,"column":27},"end":{"line":41,"column":56}},"33":{"start":{"line":43,"column":16},"end":{"line":43,"column":26}},"34":{"start":{"line":44,"column":15},"end":{"line":44,"column":34}},"35":{"start":{"line":45,"column":13},"end":{"line":45,"column":58}},"36":{"start":{"line":46,"column":13},"end":{"line":46,"column":53}},"37":{"start":{"line":47,"column":18},"end":{"line":47,"column":39}},"38":{"start":{"line":49,"column":19},"end":{"line":71,"column":3}},"39":{"start":{"line":50,"column":4},"end":{"line":50,"column":23}},"40":{"start":{"line":51,"column":4},"end":{"line":51,"column":30}},"41":{"start":{"line":51,"column":23},"end":{"line":51,"column":30}},"42":{"start":{"line":54,"column":26},"end":{"line":62,"column":6}},"43":{"start":{"line":64,"column":4},"end":{"line":68,"column":5}},"44":{"start":{"line":65,"column":6},"end":{"line":65,"column":52}},"45":{"start":{"line":67,"column":6},"end":{"line":67,"column":40}},"46":{"start":{"line":70,"column":4},"end":{"line":70,"column":24}},"47":{"start":{"line":73,"column":2},"end":{"line":178,"column":4}},"48":{"start":{"line":80,"column":25},"end":{"line":80,"column":46}},"49":{"start":{"line":80,"column":43},"end":{"line":80,"column":45}},"50":{"start":{"line":93,"column":47},"end":{"line":93,"column":64}},"51":{"start":{"line":103,"column":31},"end":{"line":103,"column":55}},"52":{"start":{"line":111,"column":16},"end":{"line":111,"column":35}},"53":{"start":{"line":118,"column":36},"end":{"line":118,"column":63}},"54":{"start":{"line":132,"column":31},"end":{"line":132,"column":61}},"55":{"start":{"line":144,"column":33},"end":{"line":144,"column":61}},"56":{"start":{"line":162,"column":33},"end":{"line":162,"column":69}}},"fnMap":{"0":{"name":"MakePost","decl":{"start":{"line":7,"column":24},"end":{"line":7,"column":32}},"loc":{"start":{"line":7,"column":32},"end":{"line":179,"column":1}}},"1":{"name":"(anonymous_2)","decl":{"start":{"line":20,"column":23},"end":{"line":20,"column":26}},"loc":{"start":{"line":20,"column":28},"end":{"line":22,"column":3}}},"2":{"name":"(anonymous_3)","decl":{"start":{"line":25,"column":12},"end":{"line":25,"column":15}},"loc":{"start":{"line":25,"column":17},"end":{"line":34,"column":3}}},"3":{"name":"(anonymous_4)","decl":{"start":{"line":36,"column":31},"end":{"line":36,"column":32}},"loc":{"start":{"line":36,"column":51},"end":{"line":39,"column":3}}},"4":{"name":"(anonymous_5)","decl":{"start":{"line":41,"column":21},"end":{"line":41,"column":24}},"loc":{"start":{"line":41,"column":27},"end":{"line":41,"column":56}}},"5":{"name":"(anonymous_6)","decl":{"start":{"line":49,"column":19},"end":{"line":49,"column":24}},"loc":{"start":{"line":49,"column":48},"end":{"line":71,"column":3}}},"6":{"name":"(anonymous_7)","decl":{"start":{"line":80,"column":19},"end":{"line":80,"column":22}},"loc":{"start":{"line":80,"column":25},"end":{"line":80,"column":46}}},"7":{"name":"(anonymous_8)","decl":{"start":{"line":80,"column":36},"end":{"line":80,"column":37}},"loc":{"start":{"line":80,"column":43},"end":{"line":80,"column":45}}},"8":{"name":"(anonymous_9)","decl":{"start":{"line":93,"column":41},"end":{"line":93,"column":44}},"loc":{"start":{"line":93,"column":47},"end":{"line":93,"column":64}}},"9":{"name":"(anonymous_10)","decl":{"start":{"line":103,"column":24},"end":{"line":103,"column":25}},"loc":{"start":{"line":103,"column":31},"end":{"line":103,"column":55}}},"10":{"name":"(anonymous_11)","decl":{"start":{"line":110,"column":102},"end":{"line":110,"column":103}},"loc":{"start":{"line":111,"column":16},"end":{"line":111,"column":35}}},"11":{"name":"(anonymous_12)","decl":{"start":{"line":118,"column":30},"end":{"line":118,"column":33}},"loc":{"start":{"line":118,"column":36},"end":{"line":118,"column":63}}},"12":{"name":"(anonymous_13)","decl":{"start":{"line":132,"column":24},"end":{"line":132,"column":25}},"loc":{"start":{"line":132,"column":31},"end":{"line":132,"column":61}}},"13":{"name":"(anonymous_14)","decl":{"start":{"line":144,"column":26},"end":{"line":144,"column":27}},"loc":{"start":{"line":144,"column":33},"end":{"line":144,"column":61}}},"14":{"name":"(anonymous_15)","decl":{"start":{"line":162,"column":26},"end":{"line":162,"column":27}},"loc":{"start":{"line":162,"column":33},"end":{"line":162,"column":69}}}},"branchMap":{"0":{"loc":{"start":{"line":21,"column":28},"end":{"line":21,"column":66}},"type":"binary-expr","locations":[{"start":{"line":21,"column":28},"end":{"line":21,"column":56}},{"start":{"line":21,"column":60},"end":{"line":21,"column":66}}]},"1":{"loc":{"start":{"line":26,"column":4},"end":{"line":33,"column":5}},"type":"if","locations":[{"start":{"line":26,"column":4},"end":{"line":33,"column":5}},{"start":{},"end":{}}]},"2":{"loc":{"start":{"line":31,"column":18},"end":{"line":31,"column":41}},"type":"binary-expr","locations":[{"start":{"line":31,"column":18},"end":{"line":31,"column":28}},{"start":{"line":31,"column":32},"end":{"line":31,"column":41}}]},"3":{"loc":{"start":{"line":32,"column":19},"end":{"line":32,"column":36}},"type":"binary-expr","locations":[{"start":{"line":32,"column":19},"end":{"line":32,"column":30}},{"start":{"line":32,"column":34},"end":{"line":32,"column":36}}]},"4":{"loc":{"start":{"line":38,"column":4},"end":{"line":38,"column":44}},"type":"if","locations":[{"start":{"line":38,"column":4},"end":{"line":38,"column":44}},{"start":{},"end":{}}]},"5":{"loc":{"start":{"line":51,"column":4},"end":{"line":51,"column":30}},"type":"if","locations":[{"start":{"line":51,"column":4},"end":{"line":51,"column":30}},{"start":{},"end":{}}]},"6":{"loc":{"start":{"line":60,"column":16},"end":{"line":60,"column":37}},"type":"binary-expr","locations":[{"start":{"line":60,"column":16},"end":{"line":60,"column":24}},{"start":{"line":60,"column":28},"end":{"line":60,"column":37}}]},"7":{"loc":{"start":{"line":61,"column":17},"end":{"line":61,"column":70}},"type":"cond-expr","locations":[{"start":{"line":61,"column":54},"end":{"line":61,"column":63}},{"start":{"line":61,"column":66},"end":{"line":61,"column":70}}]},"8":{"loc":{"start":{"line":61,"column":17},"end":{"line":61,"column":51}},"type":"binary-expr","locations":[{"start":{"line":61,"column":17},"end":{"line":61,"column":38}},{"start":{"line":61,"column":42},"end":{"line":61,"column":51}}]},"9":{"loc":{"start":{"line":64,"column":4},"end":{"line":68,"column":5}},"type":"if","locations":[{"start":{"line":64,"column":4},"end":{"line":68,"column":5}},{"start":{"line":66,"column":11},"end":{"line":68,"column":5}}]},"10":{"loc":{"start":{"line":84,"column":39},"end":{"line":84,"column":60}},"type":"cond-expr","locations":[{"start":{"line":84,"column":49},"end":{"line":84,"column":55}},{"start":{"line":84,"column":58},"end":{"line":84,"column":60}}]},"11":{"loc":{"start":{"line":90,"column":44},"end":{"line":90,"column":85}},"type":"cond-expr","locations":[{"start":{"line":90,"column":58},"end":{"line":90,"column":69}},{"start":{"line":90,"column":72},"end":{"line":90,"column":85}}]},"12":{"loc":{"start":{"line":137,"column":11},"end":{"line":148,"column":null}},"type":"binary-expr","locations":[{"start":{"line":137,"column":11},"end":{"line":137,"column":32}},{"start":{"line":138,"column":12},"end":{"line":147,"column":null}}]},"13":{"loc":{"start":{"line":154,"column":15},"end":{"line":154,"column":94}},"type":"cond-expr","locations":[{"start":{"line":154,"column":22},"end":{"line":154,"column":87}},{"start":{"line":154,"column":90},"end":{"line":154,"column":94}}]},"14":{"loc":{"start":{"line":162,"column":41},"end":{"line":162,"column":68}},"type":"binary-expr","locations":[{"start":{"line":162,"column":41},"end":{"line":162,"column":60}},{"start":{"line":162,"column":64},"end":{"line":162,"column":68}}]},"15":{"loc":{"start":{"line":172,"column":15},"end":{"line":172,"column":46}},"type":"cond-expr","locations":[{"start":{"line":172,"column":29},"end":{"line":172,"column":35}},{"start":{"line":172,"column":38},"end":{"line":172,"column":46}}]}},"s":{"0":1,"1":1,"2":1,"3":1,"4":1,"5":12,"6":12,"7":12,"8":12,"9":12,"10":12,"11":12,"12":12,"13":12,"14":12,"15":12,"16":4,"17":4,"18":0,"19":12,"20":4,"21":1,"22":1,"23":1,"24":1,"25":1,"26":1,"27":12,"28":1,"29":1,"30":1,"31":12,"32":0,"33":12,"34":12,"35":12,"36":12,"37":12,"38":12,"39":3,"40":3,"41":0,"42":3,"43":3,"44":1,"45":2,"46":3,"47":12,"48":0,"49":0,"50":0,"51":3,"52":60,"53":1,"54":2,"55":1,"56":0},"f":{"0":12,"1":4,"2":4,"3":1,"4":0,"5":3,"6":0,"7":0,"8":0,"9":3,"10":60,"11":1,"12":2,"13":1,"14":0},"b":{"0":[4,0],"1":[1,3],"2":[1,1],"3":[1,1],"4":[1,0],"5":[0,3],"6":[3,3],"7":[1,2],"8":[3,1],"9":[1,2],"10":[0,12],"11":[3,9],"12":[12,7],"13":[0,12],"14":[0,0],"15":[3,9]}}
,"C:\\Users\\asuho\\plus-one\\plusone\\src\\pages\\Messages.tsx": {"path":"C:\\Users\\asuho\\plus-one\\plusone\\src\\pages\\Messages.tsx","statementMap":{"0":{"start":{"line":4,"column":2},"end":{"line":8,"column":4}}},"fnMap":{"0":{"name":"Messages","decl":{"start":{"line":3,"column":24},"end":{"line":3,"column":32}},"loc":{"start":{"line":3,"column":32},"end":{"line":9,"column":1}}}},"branchMap":{},"s":{"0":0},"f":{"0":0},"b":{}}
,"C:\\Users\\asuho\\plus-one\\plusone\\src\\pages\\MyPage.tsx": {"path":"C:\\Users\\asuho\\plus-one\\plusone\\src\\pages\\MyPage.tsx","statementMap":{"0":{"start":{"line":11,"column":0},"end":{"line":11,"column":24}},"1":{"start":{"line":1,"column":0},"end":{"line":1,"column":53}},"2":{"start":{"line":2,"column":0},"end":{"line":2,"column":53}},"3":{"start":{"line":3,"column":0},"end":{"line":3,"column":44}},"4":{"start":{"line":4,"column":0},"end":{"line":4,"column":54}},"5":{"start":{"line":5,"column":0},"end":{"line":5,"column":66}},"6":{"start":{"line":12,"column":32},"end":{"line":12,"column":47}},"7":{"start":{"line":13,"column":32},"end":{"line":13,"column":46}},"8":{"start":{"line":14,"column":32},"end":{"line":21,"column":17}},"9":{"start":{"line":22,"column":28},"end":{"line":22,"column":48}},"10":{"start":{"line":23,"column":54},"end":{"line":23,"column":87}},"11":{"start":{"line":24,"column":48},"end":{"line":24,"column":63}},"12":{"start":{"line":25,"column":28},"end":{"line":25,"column":40}},"13":{"start":{"line":27,"column":19},"end":{"line":27,"column":32}},"14":{"start":{"line":29,"column":15},"end":{"line":35,"column":8}},"15":{"start":{"line":30,"column":4},"end":{"line":34,"column":5}},"16":{"start":{"line":31,"column":6},"end":{"line":31,"column":64}},"17":{"start":{"line":33,"column":6},"end":{"line":33,"column":18}},"18":{"start":{"line":37,"column":2},"end":{"line":63,"column":21}},"19":{"start":{"line":38,"column":4},"end":{"line":38,"column":30}},"20":{"start":{"line":38,"column":23},"end":{"line":38,"column":30}},"21":{"start":{"line":39,"column":4},"end":{"line":62,"column":9}},"22":{"start":{"line":40,"column":6},"end":{"line":61,"column":7}},"23":{"start":{"line":41,"column":8},"end":{"line":41,"column":62}},"24":{"start":{"line":42,"column":20},"end":{"line":42,"column":61}},"25":{"start":{"line":43,"column":8},"end":{"line":43,"column":44}},"26":{"start":{"line":44,"column":8},"end":{"line":51,"column":11}},"27":{"start":{"line":52,"column":8},"end":{"line":52,"column":28}},"28":{"start":{"line":55,"column":8},"end":{"line":55,"column":33}},"29":{"start":{"line":57,"column":8},"end":{"line":57,"column":56}},"30":{"start":{"line":58,"column":8},"end":{"line":58,"column":62}},"31":{"start":{"line":60,"column":8},"end":{"line":60,"column":26}},"32":{"start":{"line":65,"column":33},"end":{"line":76,"column":3}},"33":{"start":{"line":66,"column":4},"end":{"line":66,"column":30}},"34":{"start":{"line":66,"column":23},"end":{"line":66,"column":30}},"35":{"start":{"line":67,"column":4},"end":{"line":75,"column":5}},"36":{"start":{"line":68,"column":6},"end":{"line":68,"column":31}},"37":{"start":{"line":69,"column":23},"end":{"line":69,"column":78}},"38":{"start":{"line":70,"column":6},"end":{"line":70,"column":38}},"39":{"start":{"line":72,"column":6},"end":{"line":72,"column":66}},"40":{"start":{"line":74,"column":6},"end":{"line":74,"column":32}},"41":{"start":{"line":78,"column":19},"end":{"line":83,"column":3}},"42":{"start":{"line":79,"column":4},"end":{"line":79,"column":24}},"43":{"start":{"line":79,"column":17},"end":{"line":79,"column":24}},"44":{"start":{"line":80,"column":4},"end":{"line":80,"column":69}},"45":{"start":{"line":80,"column":62},"end":{"line":80,"column":69}},"46":{"start":{"line":81,"column":4},"end":{"line":81,"column":37}},"47":{"start":{"line":82,"column":4},"end":{"line":82,"column":60}},"48":{"start":{"line":82,"column":23},"end":{"line":82,"column":58}},"49":{"start":{"line":82,"column":42},"end":{"line":82,"column":57}},"50":{"start":{"line":85,"column":17},"end":{"line":87,"column":3}},"51":{"start":{"line":86,"column":4},"end":{"line":86,"column":50}},"52":{"start":{"line":89,"column":30},"end":{"line":101,"column":3}},"53":{"start":{"line":90,"column":4},"end":{"line":90,"column":30}},"54":{"start":{"line":90,"column":23},"end":{"line":90,"column":30}},"55":{"start":{"line":91,"column":4},"end":{"line":100,"column":5}},"56":{"start":{"line":92,"column":6},"end":{"line":92,"column":78}},"57":{"start":{"line":94,"column":6},"end":{"line":94,"column":31}},"58":{"start":{"line":96,"column":6},"end":{"line":96,"column":28}},"59":{"start":{"line":98,"column":6},"end":{"line":98,"column":56}},"60":{"start":{"line":99,"column":6},"end":{"line":99,"column":59}},"61":{"start":{"line":103,"column":30},"end":{"line":115,"column":3}},"62":{"start":{"line":104,"column":4},"end":{"line":104,"column":30}},"63":{"start":{"line":104,"column":23},"end":{"line":104,"column":30}},"64":{"start":{"line":105,"column":4},"end":{"line":114,"column":5}},"65":{"start":{"line":106,"column":6},"end":{"line":106,"column":78}},"66":{"start":{"line":108,"column":6},"end":{"line":108,"column":31}},"67":{"start":{"line":110,"column":6},"end":{"line":110,"column":28}},"68":{"start":{"line":112,"column":6},"end":{"line":112,"column":56}},"69":{"start":{"line":113,"column":6},"end":{"line":113,"column":59}},"70":{"start":{"line":117,"column":24},"end":{"line":132,"column":3}},"71":{"start":{"line":118,"column":4},"end":{"line":118,"column":30}},"72":{"start":{"line":118,"column":23},"end":{"line":118,"column":30}},"73":{"start":{"line":119,"column":4},"end":{"line":131,"column":5}},"74":{"start":{"line":120,"column":18},"end":{"line":120,"column":59}},"75":{"start":{"line":121,"column":6},"end":{"line":128,"column":9}},"76":{"start":{"line":130,"column":6},"end":{"line":130,"column":56}},"77":{"start":{"line":134,"column":2},"end":{"line":136,"column":3}},"78":{"start":{"line":135,"column":4},"end":{"line":135,"column":71}},"79":{"start":{"line":138,"column":2},"end":{"line":340,"column":4}},"80":{"start":{"line":148,"column":25},"end":{"line":148,"column":46}},"81":{"start":{"line":148,"column":43},"end":{"line":148,"column":45}},"82":{"start":{"line":168,"column":47},"end":{"line":168,"column":64}},"83":{"start":{"line":231,"column":20},"end":{"line":231,"column":42}},"84":{"start":{"line":248,"column":43},"end":{"line":248,"column":74}},"85":{"start":{"line":254,"column":43},"end":{"line":254,"column":74}},"86":{"start":{"line":272,"column":16},"end":{"line":272,"column":32}},"87":{"start":{"line":306,"column":39},"end":{"line":306,"column":48}},"88":{"start":{"line":313,"column":39},"end":{"line":313,"column":53}},"89":{"start":{"line":327,"column":33},"end":{"line":327,"column":54}},"90":{"start":{"line":344,"column":2},"end":{"line":344,"column":22}},"91":{"start":{"line":344,"column":12},"end":{"line":344,"column":22}},"92":{"start":{"line":345,"column":12},"end":{"line":345,"column":35}},"93":{"start":{"line":346,"column":15},"end":{"line":346,"column":29}},"94":{"start":{"line":347,"column":12},"end":{"line":347,"column":47}},"95":{"start":{"line":348,"column":2},"end":{"line":348,"column":38}},"96":{"start":{"line":348,"column":14},"end":{"line":348,"column":38}},"97":{"start":{"line":349,"column":14},"end":{"line":349,"column":32}},"98":{"start":{"line":350,"column":2},"end":{"line":350,"column":27}}},"fnMap":{"0":{"name":"MyPage","decl":{"start":{"line":11,"column":24},"end":{"line":11,"column":30}},"loc":{"start":{"line":11,"column":30},"end":{"line":341,"column":1}}},"1":{"name":"(anonymous_2)","decl":{"start":{"line":29,"column":23},"end":{"line":29,"column":26}},"loc":{"start":{"line":29,"column":28},"end":{"line":35,"column":3}}},"2":{"name":"(anonymous_3)","decl":{"start":{"line":37,"column":12},"end":{"line":37,"column":15}},"loc":{"start":{"line":37,"column":17},"end":{"line":63,"column":3}}},"3":{"name":"(anonymous_4)","decl":{"start":{"line":39,"column":5},"end":{"line":39,"column":10}},"loc":{"start":{"line":39,"column":16},"end":{"line":62,"column":5}}},"4":{"name":"(anonymous_5)","decl":{"start":{"line":65,"column":33},"end":{"line":65,"column":38}},"loc":{"start":{"line":65,"column":44},"end":{"line":76,"column":3}}},"5":{"name":"(anonymous_6)","decl":{"start":{"line":78,"column":19},"end":{"line":78,"column":24}},"loc":{"start":{"line":78,"column":45},"end":{"line":83,"column":3}}},"6":{"name":"(anonymous_7)","decl":{"start":{"line":82,"column":13},"end":{"line":82,"column":14}},"loc":{"start":{"line":82,"column":23},"end":{"line":82,"column":58}}},"7":{"name":"(anonymous_8)","decl":{"start":{"line":82,"column":35},"end":{"line":82,"column":36}},"loc":{"start":{"line":82,"column":42},"end":{"line":82,"column":57}}},"8":{"name":"(anonymous_9)","decl":{"start":{"line":85,"column":17},"end":{"line":85,"column":18}},"loc":{"start":{"line":85,"column":29},"end":{"line":87,"column":3}}},"9":{"name":"(anonymous_10)","decl":{"start":{"line":89,"column":30},"end":{"line":89,"column":35}},"loc":{"start":{"line":89,"column":58},"end":{"line":101,"column":3}}},"10":{"name":"(anonymous_11)","decl":{"start":{"line":103,"column":30},"end":{"line":103,"column":35}},"loc":{"start":{"line":103,"column":58},"end":{"line":115,"column":3}}},"11":{"name":"(anonymous_12)","decl":{"start":{"line":117,"column":24},"end":{"line":117,"column":29}},"loc":{"start":{"line":117,"column":35},"end":{"line":132,"column":3}}},"12":{"name":"(anonymous_13)","decl":{"start":{"line":148,"column":19},"end":{"line":148,"column":22}},"loc":{"start":{"line":148,"column":25},"end":{"line":148,"column":46}}},"13":{"name":"(anonymous_14)","decl":{"start":{"line":148,"column":36},"end":{"line":148,"column":37}},"loc":{"start":{"line":148,"column":43},"end":{"line":148,"column":45}}},"14":{"name":"(anonymous_15)","decl":{"start":{"line":168,"column":41},"end":{"line":168,"column":44}},"loc":{"start":{"line":168,"column":47},"end":{"line":168,"column":64}}},"15":{"name":"(anonymous_16)","decl":{"start":{"line":230,"column":42},"end":{"line":230,"column":43}},"loc":{"start":{"line":231,"column":20},"end":{"line":231,"column":42}}},"16":{"name":"(anonymous_17)","decl":{"start":{"line":248,"column":37},"end":{"line":248,"column":40}},"loc":{"start":{"line":248,"column":43},"end":{"line":248,"column":74}}},"17":{"name":"(anonymous_18)","decl":{"start":{"line":254,"column":37},"end":{"line":254,"column":40}},"loc":{"start":{"line":254,"column":43},"end":{"line":254,"column":74}}},"18":{"name":"(anonymous_19)","decl":{"start":{"line":271,"column":25},"end":{"line":271,"column":26}},"loc":{"start":{"line":272,"column":16},"end":{"line":272,"column":32}}},"19":{"name":"(anonymous_20)","decl":{"start":{"line":306,"column":33},"end":{"line":306,"column":36}},"loc":{"start":{"line":306,"column":39},"end":{"line":306,"column":48}}},"20":{"name":"(anonymous_21)","decl":{"start":{"line":313,"column":33},"end":{"line":313,"column":36}},"loc":{"start":{"line":313,"column":39},"end":{"line":313,"column":53}}},"21":{"name":"(anonymous_22)","decl":{"start":{"line":327,"column":27},"end":{"line":327,"column":30}},"loc":{"start":{"line":327,"column":33},"end":{"line":327,"column":54}}},"22":{"name":"timeAgo","decl":{"start":{"line":343,"column":9},"end":{"line":343,"column":16}},"loc":{"start":{"line":343,"column":29},"end":{"line":351,"column":1}}}},"branchMap":{"0":{"loc":{"start":{"line":31,"column":24},"end":{"line":31,"column":62}},"type":"binary-expr","locations":[{"start":{"line":31,"column":24},"end":{"line":31,"column":52}},{"start":{"line":31,"column":56},"end":{"line":31,"column":62}}]},"1":{"loc":{"start":{"line":38,"column":4},"end":{"line":38,"column":30}},"type":"if","locations":[{"start":{"line":38,"column":4},"end":{"line":38,"column":30}},{"start":{},"end":{}}]},"2":{"loc":{"start":{"line":66,"column":4},"end":{"line":66,"column":30}},"type":"if","locations":[{"start":{"line":66,"column":4},"end":{"line":66,"column":30}},{"start":{},"end":{}}]},"3":{"loc":{"start":{"line":79,"column":4},"end":{"line":79,"column":24}},"type":"if","locations":[{"start":{"line":79,"column":4},"end":{"line":79,"column":24}},{"start":{},"end":{}}]},"4":{"loc":{"start":{"line":80,"column":4},"end":{"line":80,"column":69}},"type":"if","locations":[{"start":{"line":80,"column":4},"end":{"line":80,"column":69}},{"start":{},"end":{}}]},"5":{"loc":{"start":{"line":90,"column":4},"end":{"line":90,"column":30}},"type":"if","locations":[{"start":{"line":90,"column":4},"end":{"line":90,"column":30}},{"start":{},"end":{}}]},"6":{"loc":{"start":{"line":104,"column":4},"end":{"line":104,"column":30}},"type":"if","locations":[{"start":{"line":104,"column":4},"end":{"line":104,"column":30}},{"start":{},"end":{}}]},"7":{"loc":{"start":{"line":118,"column":4},"end":{"line":118,"column":30}},"type":"if","locations":[{"start":{"line":118,"column":4},"end":{"line":118,"column":30}},{"start":{},"end":{}}]},"8":{"loc":{"start":{"line":134,"column":2},"end":{"line":136,"column":3}},"type":"if","locations":[{"start":{"line":134,"column":2},"end":{"line":136,"column":3}},{"start":{},"end":{}}]},"9":{"loc":{"start":{"line":159,"column":39},"end":{"line":159,"column":60}},"type":"cond-expr","locations":[{"start":{"line":159,"column":49},"end":{"line":159,"column":55}},{"start":{"line":159,"column":58},"end":{"line":159,"column":60}}]},"10":{"loc":{"start":{"line":171,"column":9},"end":{"line":336,"column":null}},"type":"cond-expr","locations":[{"start":{"line":172,"column":10},"end":{"line":172,"column":29}},{"start":{"line":173,"column":12},"end":{"line":336,"column":null}}]},"11":{"loc":{"start":{"line":173,"column":12},"end":{"line":336,"column":null}},"type":"cond-expr","locations":[{"start":{"line":174,"column":10},"end":{"line":175,"column":null}},{"start":{"line":178,"column":10},"end":{"line":335,"column":null}}]},"12":{"loc":{"start":{"line":198,"column":19},"end":{"line":198,"column":49}},"type":"binary-expr","locations":[{"start":{"line":198,"column":19},"end":{"line":198,"column":44}},{"start":{"line":198,"column":48},"end":{"line":198,"column":49}}]},"13":{"loc":{"start":{"line":200,"column":19},"end":{"line":200,"column":46}},"type":"binary-expr","locations":[{"start":{"line":200,"column":19},"end":{"line":200,"column":41}},{"start":{"line":200,"column":45},"end":{"line":200,"column":46}}]},"14":{"loc":{"start":{"line":217,"column":15},"end":{"line":262,"column":null}},"type":"cond-expr","locations":[{"start":{"line":218,"column":16},"end":{"line":222,"column":null}},{"start":{"line":224,"column":18},"end":{"line":262,"column":null}}]},"15":{"loc":{"start":{"line":224,"column":18},"end":{"line":262,"column":null}},"type":"cond-expr","locations":[{"start":{"line":225,"column":16},"end":{"line":226,"column":null}},{"start":{"line":229,"column":16},"end":{"line":261,"column":null}}]},"16":{"loc":{"start":{"line":280,"column":25},"end":{"line":280,"column":90}},"type":"cond-expr","locations":[{"start":{"line":280,"column":66},"end":{"line":280,"column":85}},{"start":{"line":280,"column":88},"end":{"line":280,"column":90}}]},"17":{"loc":{"start":{"line":280,"column":25},"end":{"line":280,"column":63}},"type":"binary-expr","locations":[{"start":{"line":280,"column":25},"end":{"line":280,"column":48}},{"start":{"line":280,"column":52},"end":{"line":280,"column":63}}]},"18":{"loc":{"start":{"line":288,"column":23},"end":{"line":299,"column":30}},"type":"cond-expr","locations":[{"start":{"line":289,"column":24},"end":{"line":297,"column":null}},{"start":{"line":299,"column":26},"end":{"line":299,"column":30}}]},"19":{"loc":{"start":{"line":344,"column":2},"end":{"line":344,"column":22}},"type":"if","locations":[{"start":{"line":344,"column":2},"end":{"line":344,"column":22}},{"start":{},"end":{}}]},"20":{"loc":{"start":{"line":348,"column":2},"end":{"line":348,"column":38}},"type":"if","locations":[{"start":{"line":348,"column":2},"end":{"line":348,"column":38}},{"start":{},"end":{}}]}},"s":{"0":1,"1":1,"2":1,"3":1,"4":1,"5":1,"6":8,"7":8,"8":8,"9":8,"10":8,"11":8,"12":8,"13":8,"14":8,"15":3,"16":3,"17":0,"18":8,"19":3,"20":1,"21":2,"22":2,"23":2,"24":2,"25":2,"26":2,"27":2,"28":2,"29":0,"30":0,"31":2,"32":8,"33":4,"34":0,"35":4,"36":4,"37":4,"38":4,"39":0,"40":4,"41":8,"42":1,"43":0,"44":1,"45":0,"46":1,"47":1,"48":1,"49":1,"50":8,"51":0,"52":8,"53":1,"54":0,"55":1,"56":1,"57":1,"58":1,"59":0,"60":0,"61":8,"62":1,"63":0,"64":1,"65":1,"66":1,"67":1,"68":0,"69":0,"70":8,"71":2,"72":0,"73":2,"74":2,"75":2,"76":0,"77":8,"78":1,"79":7,"80":0,"81":0,"82":0,"83":2,"84":1,"85":1,"86":4,"87":0,"88":1,"89":0,"90":6,"91":0,"92":6,"93":6,"94":6,"95":6,"96":6,"97":0,"98":0},"f":{"0":8,"1":3,"2":3,"3":2,"4":4,"5":1,"6":1,"7":1,"8":0,"9":1,"10":1,"11":2,"12":0,"13":0,"14":0,"15":2,"16":1,"17":1,"18":4,"19":0,"20":1,"21":0,"22":6},"b":{"0":[3,1],"1":[1,2],"2":[0,4],"3":[0,1],"4":[0,1],"5":[0,1],"6":[0,1],"7":[0,2],"8":[1,7],"9":[0,7],"10":[2,5],"11":[0,5],"12":[5,0],"13":[5,0],"14":[0,5],"15":[3,2],"16":[0,4],"17":[4,0],"18":[0,4],"19":[0,6],"20":[6,0]}}
,"C:\\Users\\asuho\\plus-one\\plusone\\src\\pages\\Onboarding.tsx": {"path":"C:\\Users\\asuho\\plus-one\\plusone\\src\\pages\\Onboarding.tsx","statementMap":{"0":{"start":{"line":83,"column":0},"end":{"line":83,"column":24}},"1":{"start":{"line":1,"column":0},"end":{"line":1,"column":53}},"2":{"start":{"line":2,"column":0},"end":{"line":2,"column":47}},"3":{"start":{"line":3,"column":0},"end":{"line":3,"column":60}},"4":{"start":{"line":5,"column":0},"end":{"line":5,"column":49}},"5":{"start":{"line":7,"column":0},"end":{"line":7,"column":34}},"6":{"start":{"line":17,"column":2},"end":{"line":17,"column":88}},"7":{"start":{"line":19,"column":18},"end":{"line":24,"column":11}},"8":{"start":{"line":26,"column":38},"end":{"line":37,"column":2}},"9":{"start":{"line":39,"column":25},"end":{"line":50,"column":11}},"10":{"start":{"line":52,"column":18},"end":{"line":54,"column":2}},"11":{"start":{"line":56,"column":13},"end":{"line":56,"column":58}},"12":{"start":{"line":56,"column":51},"end":{"line":56,"column":57}},"13":{"start":{"line":58,"column":32},"end":{"line":81,"column":2}},"14":{"start":{"line":84,"column":19},"end":{"line":84,"column":32}},"15":{"start":{"line":85,"column":15},"end":{"line":91,"column":8}},"16":{"start":{"line":86,"column":4},"end":{"line":90,"column":5}},"17":{"start":{"line":87,"column":6},"end":{"line":87,"column":64}},"18":{"start":{"line":89,"column":6},"end":{"line":89,"column":18}},"19":{"start":{"line":93,"column":32},"end":{"line":93,"column":65}},"20":{"start":{"line":94,"column":26},"end":{"line":94,"column":45}},"21":{"start":{"line":95,"column":32},"end":{"line":95,"column":46}},"22":{"start":{"line":96,"column":28},"end":{"line":96,"column":57}},"23":{"start":{"line":97,"column":34},"end":{"line":97,"column":49}},"24":{"start":{"line":98,"column":46},"end":{"line":98,"column":58}},"25":{"start":{"line":99,"column":42},"end":{"line":99,"column":66}},"26":{"start":{"line":101,"column":2},"end":{"line":119,"column":31}},"27":{"start":{"line":102,"column":4},"end":{"line":105,"column":5}},"28":{"start":{"line":103,"column":6},"end":{"line":103,"column":44}},"29":{"start":{"line":104,"column":6},"end":{"line":104,"column":13}},"30":{"start":{"line":107,"column":4},"end":{"line":118,"column":9}},"31":{"start":{"line":108,"column":6},"end":{"line":108,"column":23}},"32":{"start":{"line":109,"column":6},"end":{"line":109,"column":21}},"33":{"start":{"line":110,"column":6},"end":{"line":117,"column":7}},"34":{"start":{"line":111,"column":25},"end":{"line":111,"column":69}},"35":{"start":{"line":112,"column":8},"end":{"line":112,"column":38}},"36":{"start":{"line":114,"column":8},"end":{"line":114,"column":69}},"37":{"start":{"line":116,"column":8},"end":{"line":116,"column":26}},"38":{"start":{"line":121,"column":2},"end":{"line":123,"column":34}},"39":{"start":{"line":122,"column":4},"end":{"line":122,"column":65}},"40":{"start":{"line":125,"column":2},"end":{"line":127,"column":3}},"41":{"start":{"line":126,"column":4},"end":{"line":126,"column":16}},"42":{"start":{"line":129,"column":22},"end":{"line":129,"column":41}},"43":{"start":{"line":130,"column":20},"end":{"line":130,"column":28}},"44":{"start":{"line":132,"column":21},"end":{"line":135,"column":3}},"45":{"start":{"line":133,"column":21},"end":{"line":133,"column":57}},"46":{"start":{"line":134,"column":4},"end":{"line":134,"column":42}},"47":{"start":{"line":137,"column":21},"end":{"line":141,"column":3}},"48":{"start":{"line":138,"column":4},"end":{"line":140,"column":5}},"49":{"start":{"line":139,"column":6},"end":{"line":139,"column":47}},"50":{"start":{"line":139,"column":24},"end":{"line":139,"column":45}},"51":{"start":{"line":143,"column":23},"end":{"line":145,"column":3}},"52":{"start":{"line":144,"column":4},"end":{"line":144,"column":49}},"53":{"start":{"line":147,"column":25},"end":{"line":157,"column":3}},"54":{"start":{"line":148,"column":4},"end":{"line":156,"column":7}},"55":{"start":{"line":149,"column":21},"end":{"line":149,"column":54}},"56":{"start":{"line":150,"column":6},"end":{"line":155,"column":8}},"57":{"start":{"line":153,"column":41},"end":{"line":153,"column":55}},"58":{"start":{"line":159,"column":28},"end":{"line":164,"column":3}},"59":{"start":{"line":160,"column":20},"end":{"line":160,"column":41}},"60":{"start":{"line":161,"column":4},"end":{"line":161,"column":25}},"61":{"start":{"line":161,"column":18},"end":{"line":161,"column":25}},"62":{"start":{"line":162,"column":4},"end":{"line":162,"column":28}},"63":{"start":{"line":163,"column":4},"end":{"line":163,"column":26}},"64":{"start":{"line":166,"column":28},"end":{"line":182,"column":3}},"65":{"start":{"line":167,"column":4},"end":{"line":167,"column":22}},"66":{"start":{"line":167,"column":15},"end":{"line":167,"column":22}},"67":{"start":{"line":168,"column":19},"end":{"line":168,"column":35}},"68":{"start":{"line":169,"column":4},"end":{"line":180,"column":6}},"69":{"start":{"line":170,"column":22},"end":{"line":170,"column":78}},"70":{"start":{"line":171,"column":6},"end":{"line":171,"column":27}},"71":{"start":{"line":171,"column":20},"end":{"line":171,"column":27}},"72":{"start":{"line":172,"column":6},"end":{"line":179,"column":10}},"73":{"start":{"line":172,"column":28},"end":{"line":179,"column":8}},"74":{"start":{"line":181,"column":4},"end":{"line":181,"column":31}},"75":{"start":{"line":184,"column":25},"end":{"line":206,"column":3}},"76":{"start":{"line":185,"column":4},"end":{"line":185,"column":30}},"77":{"start":{"line":185,"column":23},"end":{"line":185,"column":30}},"78":{"start":{"line":186,"column":4},"end":{"line":186,"column":22}},"79":{"start":{"line":187,"column":4},"end":{"line":187,"column":19}},"80":{"start":{"line":188,"column":4},"end":{"line":205,"column":5}},"81":{"start":{"line":189,"column":32},"end":{"line":189,"column":67}},"82":{"start":{"line":190,"column":23},"end":{"line":194,"column":8}},"83":{"start":{"line":195,"column":6},"end":{"line":195,"column":36}},"84":{"start":{"line":196,"column":6},"end":{"line":200,"column":7}},"85":{"start":{"line":197,"column":8},"end":{"line":197,"column":45}},"86":{"start":{"line":199,"column":8},"end":{"line":199,"column":83}},"87":{"start":{"line":202,"column":6},"end":{"line":202,"column":73}},"88":{"start":{"line":204,"column":6},"end":{"line":204,"column":25}},"89":{"start":{"line":208,"column":30},"end":{"line":220,"column":3}},"90":{"start":{"line":209,"column":21},"end":{"line":209,"column":55}},"91":{"start":{"line":210,"column":4},"end":{"line":210,"column":25}},"92":{"start":{"line":211,"column":4},"end":{"line":211,"column":65}},"93":{"start":{"line":213,"column":4},"end":{"line":216,"column":5}},"94":{"start":{"line":214,"column":6},"end":{"line":214,"column":43}},"95":{"start":{"line":215,"column":6},"end":{"line":215,"column":13}},"96":{"start":{"line":218,"column":23},"end":{"line":218,"column":53}},"97":{"start":{"line":219,"column":4},"end":{"line":219,"column":65}},"98":{"start":{"line":222,"column":2},"end":{"line":296,"column":4}},"99":{"start":{"line":268,"column":24},"end":{"line":275,"column":27}},"100":{"start":{"line":268,"column":46},"end":{"line":275,"column":26}},"101":{"start":{"line":306,"column":21},"end":{"line":306,"column":65}},"102":{"start":{"line":308,"column":2},"end":{"line":332,"column":4}},"103":{"start":{"line":341,"column":25},"end":{"line":346,"column":3}},"104":{"start":{"line":342,"column":4},"end":{"line":345,"column":8}},"105":{"start":{"line":342,"column":26},"end":{"line":345,"column":6}},"106":{"start":{"line":348,"column":22},"end":{"line":353,"column":3}},"107":{"start":{"line":349,"column":4},"end":{"line":352,"column":8}},"108":{"start":{"line":349,"column":26},"end":{"line":352,"column":6}},"109":{"start":{"line":355,"column":23},"end":{"line":370,"column":3}},"110":{"start":{"line":356,"column":4},"end":{"line":369,"column":7}},"111":{"start":{"line":357,"column":20},"end":{"line":358,"column":null}},"112":{"start":{"line":358,"column":17},"end":{"line":358,"column":63}},"113":{"start":{"line":360,"column":6},"end":{"line":368,"column":8}},"114":{"start":{"line":372,"column":24},"end":{"line":380,"column":3}},"115":{"start":{"line":373,"column":4},"end":{"line":379,"column":8}},"116":{"start":{"line":373,"column":26},"end":{"line":379,"column":6}},"117":{"start":{"line":382,"column":26},"end":{"line":390,"column":3}},"118":{"start":{"line":383,"column":4},"end":{"line":389,"column":8}},"119":{"start":{"line":383,"column":26},"end":{"line":389,"column":6}},"120":{"start":{"line":392,"column":2},"end":{"line":477,"column":4}},"121":{"start":{"line":399,"column":27},"end":{"line":399,"column":57}},"122":{"start":{"line":403,"column":12},"end":{"line":403,"column":32}},"123":{"start":{"line":415,"column":27},"end":{"line":415,"column":54}},"124":{"start":{"line":419,"column":12},"end":{"line":419,"column":30}},"125":{"start":{"line":433,"column":27},"end":{"line":433,"column":55}},"126":{"start":{"line":437,"column":12},"end":{"line":437,"column":31}},"127":{"start":{"line":451,"column":27},"end":{"line":451,"column":70}},"128":{"start":{"line":455,"column":12},"end":{"line":455,"column":32}},"129":{"start":{"line":465,"column":27},"end":{"line":465,"column":58}},"130":{"start":{"line":486,"column":24},"end":{"line":494,"column":3}},"131":{"start":{"line":487,"column":4},"end":{"line":493,"column":8}},"132":{"start":{"line":487,"column":26},"end":{"line":493,"column":6}},"133":{"start":{"line":496,"column":26},"end":{"line":504,"column":3}},"134":{"start":{"line":497,"column":4},"end":{"line":503,"column":8}},"135":{"start":{"line":497,"column":26},"end":{"line":503,"column":6}},"136":{"start":{"line":506,"column":28},"end":{"line":514,"column":3}},"137":{"start":{"line":507,"column":4},"end":{"line":513,"column":8}},"138":{"start":{"line":507,"column":26},"end":{"line":513,"column":6}},"139":{"start":{"line":516,"column":2},"end":{"line":567,"column":4}},"140":{"start":{"line":524,"column":27},"end":{"line":524,"column":56}},"141":{"start":{"line":535,"column":27},"end":{"line":535,"column":58}},"142":{"start":{"line":552,"column":12},"end":{"line":552,"column":34}},"143":{"start":{"line":563,"column":27},"end":{"line":563,"column":60}},"144":{"start":{"line":585,"column":2},"end":{"line":633,"column":4}},"145":{"start":{"line":593,"column":27},"end":{"line":593,"column":63}},"146":{"start":{"line":594,"column":12},"end":{"line":603,"column":14}},"147":{"start":{"line":599,"column":31},"end":{"line":599,"column":55}},"148":{"start":{"line":615,"column":29},"end":{"line":615,"column":62}},"149":{"start":{"line":644,"column":2},"end":{"line":683,"column":4}},"150":{"start":{"line":666,"column":29},"end":{"line":666,"column":70}},"151":{"start":{"line":705,"column":21},"end":{"line":705,"column":40}},"152":{"start":{"line":707,"column":2},"end":{"line":746,"column":4}},"153":{"start":{"line":750,"column":2},"end":{"line":750,"column":38}},"154":{"start":{"line":750,"column":16},"end":{"line":750,"column":38}},"155":{"start":{"line":751,"column":2},"end":{"line":774,"column":4}},"156":{"start":{"line":778,"column":2},"end":{"line":799,"column":4}},"157":{"start":{"line":803,"column":2},"end":{"line":816,"column":3}},"158":{"start":{"line":805,"column":6},"end":{"line":805,"column":20}},"159":{"start":{"line":807,"column":6},"end":{"line":807,"column":22}},"160":{"start":{"line":809,"column":6},"end":{"line":809,"column":26}},"161":{"start":{"line":811,"column":6},"end":{"line":811,"column":21}},"162":{"start":{"line":813,"column":6},"end":{"line":813,"column":33}},"163":{"start":{"line":815,"column":6},"end":{"line":815,"column":20}}},"fnMap":{"0":{"name":"(anonymous_0)","decl":{"start":{"line":56,"column":41},"end":{"line":56,"column":42}},"loc":{"start":{"line":56,"column":51},"end":{"line":56,"column":57}}},"1":{"name":"Onboarding","decl":{"start":{"line":83,"column":24},"end":{"line":83,"column":34}},"loc":{"start":{"line":83,"column":34},"end":{"line":297,"column":1}}},"2":{"name":"(anonymous_2)","decl":{"start":{"line":85,"column":42},"end":{"line":85,"column":45}},"loc":{"start":{"line":85,"column":47},"end":{"line":91,"column":3}}},"3":{"name":"(anonymous_3)","decl":{"start":{"line":101,"column":12},"end":{"line":101,"column":15}},"loc":{"start":{"line":101,"column":17},"end":{"line":119,"column":3}}},"4":{"name":"(anonymous_4)","decl":{"start":{"line":107,"column":5},"end":{"line":107,"column":10}},"loc":{"start":{"line":107,"column":16},"end":{"line":118,"column":5}}},"5":{"name":"(anonymous_5)","decl":{"start":{"line":121,"column":12},"end":{"line":121,"column":15}},"loc":{"start":{"line":121,"column":17},"end":{"line":123,"column":3}}},"6":{"name":"(anonymous_6)","decl":{"start":{"line":132,"column":21},"end":{"line":132,"column":26}},"loc":{"start":{"line":132,"column":32},"end":{"line":135,"column":3}}},"7":{"name":"(anonymous_7)","decl":{"start":{"line":137,"column":21},"end":{"line":137,"column":24}},"loc":{"start":{"line":137,"column":26},"end":{"line":141,"column":3}}},"8":{"name":"(anonymous_8)","decl":{"start":{"line":139,"column":14},"end":{"line":139,"column":15}},"loc":{"start":{"line":139,"column":24},"end":{"line":139,"column":45}}},"9":{"name":"(anonymous_9)","decl":{"start":{"line":143,"column":23},"end":{"line":143,"column":28}},"loc":{"start":{"line":143,"column":34},"end":{"line":145,"column":3}}},"10":{"name":"(anonymous_10)","decl":{"start":{"line":147,"column":25},"end":{"line":147,"column":26}},"loc":{"start":{"line":147,"column":46},"end":{"line":157,"column":3}}},"11":{"name":"(anonymous_11)","decl":{"start":{"line":148,"column":15},"end":{"line":148,"column":16}},"loc":{"start":{"line":148,"column":24},"end":{"line":156,"column":5}}},"12":{"name":"(anonymous_12)","decl":{"start":{"line":153,"column":34},"end":{"line":153,"column":35}},"loc":{"start":{"line":153,"column":41},"end":{"line":153,"column":55}}},"13":{"name":"(anonymous_13)","decl":{"start":{"line":159,"column":28},"end":{"line":159,"column":31}},"loc":{"start":{"line":159,"column":33},"end":{"line":164,"column":3}}},"14":{"name":"(anonymous_14)","decl":{"start":{"line":166,"column":28},"end":{"line":166,"column":29}},"loc":{"start":{"line":166,"column":50},"end":{"line":182,"column":3}}},"15":{"name":"(anonymous_15)","decl":{"start":{"line":169,"column":20},"end":{"line":169,"column":23}},"loc":{"start":{"line":169,"column":25},"end":{"line":180,"column":5}}},"16":{"name":"(anonymous_16)","decl":{"start":{"line":172,"column":17},"end":{"line":172,"column":18}},"loc":{"start":{"line":172,"column":28},"end":{"line":179,"column":8}}},"17":{"name":"(anonymous_17)","decl":{"start":{"line":184,"column":25},"end":{"line":184,"column":30}},"loc":{"start":{"line":184,"column":75},"end":{"line":206,"column":3}}},"18":{"name":"(anonymous_18)","decl":{"start":{"line":208,"column":30},"end":{"line":208,"column":31}},"loc":{"start":{"line":208,"column":60},"end":{"line":220,"column":3}}},"19":{"name":"(anonymous_19)","decl":{"start":{"line":267,"column":38},"end":{"line":267,"column":41}},"loc":{"start":{"line":268,"column":24},"end":{"line":275,"column":27}}},"20":{"name":"(anonymous_20)","decl":{"start":{"line":268,"column":35},"end":{"line":268,"column":36}},"loc":{"start":{"line":268,"column":46},"end":{"line":275,"column":26}}},"21":{"name":"StepHeader","decl":{"start":{"line":305,"column":9},"end":{"line":305,"column":19}},"loc":{"start":{"line":305,"column":70},"end":{"line":333,"column":1}}},"22":{"name":"DemographicsStep","decl":{"start":{"line":340,"column":9},"end":{"line":340,"column":25}},"loc":{"start":{"line":340,"column":68},"end":{"line":478,"column":1}}},"23":{"name":"(anonymous_23)","decl":{"start":{"line":341,"column":25},"end":{"line":341,"column":26}},"loc":{"start":{"line":341,"column":43},"end":{"line":346,"column":3}}},"24":{"name":"(anonymous_24)","decl":{"start":{"line":342,"column":15},"end":{"line":342,"column":16}},"loc":{"start":{"line":342,"column":26},"end":{"line":345,"column":6}}},"25":{"name":"(anonymous_25)","decl":{"start":{"line":348,"column":22},"end":{"line":348,"column":23}},"loc":{"start":{"line":348,"column":40},"end":{"line":353,"column":3}}},"26":{"name":"(anonymous_26)","decl":{"start":{"line":349,"column":15},"end":{"line":349,"column":16}},"loc":{"start":{"line":349,"column":26},"end":{"line":352,"column":6}}},"27":{"name":"(anonymous_27)","decl":{"start":{"line":355,"column":23},"end":{"line":355,"column":24}},"loc":{"start":{"line":355,"column":41},"end":{"line":370,"column":3}}},"28":{"name":"(anonymous_28)","decl":{"start":{"line":356,"column":15},"end":{"line":356,"column":16}},"loc":{"start":{"line":356,"column":24},"end":{"line":369,"column":5}}},"29":{"name":"(anonymous_29)","decl":{"start":{"line":358,"column":8},"end":{"line":358,"column":9}},"loc":{"start":{"line":358,"column":17},"end":{"line":358,"column":63}}},"30":{"name":"(anonymous_30)","decl":{"start":{"line":372,"column":24},"end":{"line":372,"column":25}},"loc":{"start":{"line":372,"column":42},"end":{"line":380,"column":3}}},"31":{"name":"(anonymous_31)","decl":{"start":{"line":373,"column":15},"end":{"line":373,"column":16}},"loc":{"start":{"line":373,"column":26},"end":{"line":379,"column":6}}},"32":{"name":"(anonymous_32)","decl":{"start":{"line":382,"column":26},"end":{"line":382,"column":27}},"loc":{"start":{"line":382,"column":44},"end":{"line":390,"column":3}}},"33":{"name":"(anonymous_33)","decl":{"start":{"line":383,"column":15},"end":{"line":383,"column":16}},"loc":{"start":{"line":383,"column":26},"end":{"line":389,"column":6}}},"34":{"name":"(anonymous_34)","decl":{"start":{"line":399,"column":20},"end":{"line":399,"column":21}},"loc":{"start":{"line":399,"column":27},"end":{"line":399,"column":57}}},"35":{"name":"(anonymous_35)","decl":{"start":{"line":402,"column":29},"end":{"line":402,"column":30}},"loc":{"start":{"line":403,"column":12},"end":{"line":403,"column":32}}},"36":{"name":"(anonymous_36)","decl":{"start":{"line":415,"column":20},"end":{"line":415,"column":21}},"loc":{"start":{"line":415,"column":27},"end":{"line":415,"column":54}}},"37":{"name":"(anonymous_37)","decl":{"start":{"line":418,"column":20},"end":{"line":418,"column":21}},"loc":{"start":{"line":419,"column":12},"end":{"line":419,"column":30}}},"38":{"name":"(anonymous_38)","decl":{"start":{"line":433,"column":20},"end":{"line":433,"column":21}},"loc":{"start":{"line":433,"column":27},"end":{"line":433,"column":55}}},"39":{"name":"(anonymous_39)","decl":{"start":{"line":436,"column":28},"end":{"line":436,"column":29}},"loc":{"start":{"line":437,"column":12},"end":{"line":437,"column":31}}},"40":{"name":"(anonymous_40)","decl":{"start":{"line":451,"column":20},"end":{"line":451,"column":21}},"loc":{"start":{"line":451,"column":27},"end":{"line":451,"column":70}}},"41":{"name":"(anonymous_41)","decl":{"start":{"line":454,"column":25},"end":{"line":454,"column":26}},"loc":{"start":{"line":455,"column":12},"end":{"line":455,"column":32}}},"42":{"name":"(anonymous_42)","decl":{"start":{"line":465,"column":20},"end":{"line":465,"column":21}},"loc":{"start":{"line":465,"column":27},"end":{"line":465,"column":58}}},"43":{"name":"CareerStep","decl":{"start":{"line":485,"column":9},"end":{"line":485,"column":19}},"loc":{"start":{"line":485,"column":56},"end":{"line":568,"column":1}}},"44":{"name":"(anonymous_44)","decl":{"start":{"line":486,"column":24},"end":{"line":486,"column":25}},"loc":{"start":{"line":486,"column":42},"end":{"line":494,"column":3}}},"45":{"name":"(anonymous_45)","decl":{"start":{"line":487,"column":15},"end":{"line":487,"column":16}},"loc":{"start":{"line":487,"column":26},"end":{"line":493,"column":6}}},"46":{"name":"(anonymous_46)","decl":{"start":{"line":496,"column":26},"end":{"line":496,"column":27}},"loc":{"start":{"line":496,"column":44},"end":{"line":504,"column":3}}},"47":{"name":"(anonymous_47)","decl":{"start":{"line":497,"column":15},"end":{"line":497,"column":16}},"loc":{"start":{"line":497,"column":26},"end":{"line":503,"column":6}}},"48":{"name":"(anonymous_48)","decl":{"start":{"line":506,"column":28},"end":{"line":506,"column":29}},"loc":{"start":{"line":506,"column":46},"end":{"line":514,"column":3}}},"49":{"name":"(anonymous_49)","decl":{"start":{"line":507,"column":15},"end":{"line":507,"column":16}},"loc":{"start":{"line":507,"column":26},"end":{"line":513,"column":6}}},"50":{"name":"(anonymous_50)","decl":{"start":{"line":524,"column":20},"end":{"line":524,"column":21}},"loc":{"start":{"line":524,"column":27},"end":{"line":524,"column":56}}},"51":{"name":"(anonymous_51)","decl":{"start":{"line":535,"column":20},"end":{"line":535,"column":21}},"loc":{"start":{"line":535,"column":27},"end":{"line":535,"column":58}}},"52":{"name":"(anonymous_52)","decl":{"start":{"line":551,"column":16},"end":{"line":551,"column":17}},"loc":{"start":{"line":552,"column":12},"end":{"line":552,"column":34}}},"53":{"name":"(anonymous_53)","decl":{"start":{"line":563,"column":20},"end":{"line":563,"column":21}},"loc":{"start":{"line":563,"column":27},"end":{"line":563,"column":60}}},"54":{"name":"InterestsStep","decl":{"start":{"line":578,"column":9},"end":{"line":578,"column":22}},"loc":{"start":{"line":584,"column":17},"end":{"line":634,"column":1}}},"55":{"name":"(anonymous_55)","decl":{"start":{"line":592,"column":32},"end":{"line":592,"column":33}},"loc":{"start":{"line":592,"column":45}
[...]
,"column":19}},"13":{"start":{"line":31,"column":4},"end":{"line":31,"column":21}},"14":{"start":{"line":32,"column":4},"end":{"line":32,"column":17}},"15":{"start":{"line":33,"column":4},"end":{"line":33,"column":19}},"16":{"start":{"line":35,"column":4},"end":{"line":49,"column":5}},"17":{"start":{"line":37,"column":18},"end":{"line":38,"column":null}},"18":{"start":{"line":40,"column":6},"end":{"line":42,"column":7}},"19":{"start":{"line":41,"column":8},"end":{"line":41,"column":57}},"20":{"start":{"line":43,"column":27},"end":{"line":43,"column":43}},"21":{"start":{"line":44,"column":6},"end":{"line":44,"column":23}},"22":{"start":{"line":46,"column":6},"end":{"line":46,"column":56}},"23":{"start":{"line":48,"column":6},"end":{"line":48,"column":24}},"24":{"start":{"line":52,"column":2},"end":{"line":133,"column":4}},"25":{"start":{"line":64,"column":27},"end":{"line":64,"column":51}},"26":{"start":{"line":84,"column":10},"end":{"line":84,"column":26}},"27":{"start":{"line":118,"column":20},"end":{"line":119,"column":null}}},"fnMap":{"0":{"name":"Search","decl":{"start":{"line":16,"column":24},"end":{"line":16,"column":30}},"loc":{"start":{"line":16,"column":30},"end":{"line":134,"column":1}}},"1":{"name":"(anonymous_2)","decl":{"start":{"line":26,"column":23},"end":{"line":26,"column":28}},"loc":{"start":{"line":26,"column":52},"end":{"line":50,"column":3}}},"2":{"name":"(anonymous_3)","decl":{"start":{"line":64,"column":20},"end":{"line":64,"column":21}},"loc":{"start":{"line":64,"column":27},"end":{"line":64,"column":51}}},"3":{"name":"(anonymous_4)","decl":{"start":{"line":83,"column":21},"end":{"line":83,"column":22}},"loc":{"start":{"line":84,"column":10},"end":{"line":84,"column":26}}},"4":{"name":"(anonymous_5)","decl":{"start":{"line":117,"column":35},"end":{"line":117,"column":36}},"loc":{"start":{"line":118,"column":20},"end":{"line":119,"column":null}}}},"branchMap":{"0":{"loc":{"start":{"line":29,"column":4},"end":{"line":29,"column":19}},"type":"if","locations":[{"start":{"line":29,"column":4},"end":{"line":29,"column":19}},{"start":{},"end":{}}]},"1":{"loc":{"start":{"line":40,"column":6},"end":{"line":42,"column":7}},"type":"if","locations":[{"start":{"line":40,"column":6},"end":{"line":42,"column":7}},{"start":{},"end":{}}]},"2":{"loc":{"start":{"line":46,"column":15},"end":{"line":46,"column":54}},"type":"binary-expr","locations":[{"start":{"line":46,"column":15},"end":{"line":46,"column":27}},{"start":{"line":46,"column":31},"end":{"line":46,"column":54}}]},"3":{"loc":{"start":{"line":91,"column":23},"end":{"line":91,"column":72}},"type":"binary-expr","locations":[{"start":{"line":91,"column":23},"end":{"line":91,"column":40}},{"start":{"line":91,"column":44},"end":{"line":91,"column":72}}]},"4":{"loc":{"start":{"line":106,"column":21},"end":{"line":106,"column":40}},"type":"binary-expr","locations":[{"start":{"line":106,"column":21},"end":{"line":106,"column":33}},{"start":{"line":106,"column":37},"end":{"line":106,"column":40}}]},"5":{"loc":{"start":{"line":107,"column":21},"end":{"line":107,"column":72}},"type":"cond-expr","locations":[{"start":{"line":107,"column":42},"end":{"line":107,"column":67}},{"start":{"line":107,"column":70},"end":{"line":107,"column":72}}]},"6":{"loc":{"start":{"line":110,"column":51},"end":{"line":110,"column":72}},"type":"binary-expr","locations":[{"start":{"line":110,"column":51},"end":{"line":110,"column":67}},{"start":{"line":110,"column":71},"end":{"line":110,"column":72}}]},"7":{"loc":{"start":{"line":115,"column":15},"end":{"line":126,"column":null}},"type":"binary-expr","locations":[{"start":{"line":115,"column":15},"end":{"line":115,"column":52}},{"start":{"line":116,"column":16},"end":{"line":125,"column":null}}]},"8":{"loc":{"start":{"line":115,"column":18},"end":{"line":115,"column":51}},"type":"binary-expr","locations":[{"start":{"line":115,"column":18},"end":{"line":115,"column":29}},{"start":{"line":115,"column":33},"end":{"line":115,"column":51}}]}},"s":{"0":1,"1":1,"2":1,"3":1,"4":10,"5":10,"6":10,"7":10,"8":10,"9":4,"10":4,"11":4,"12":2,"13":2,"14":2,"15":2,"16":2,"17":2,"18":2,"19":0,"20":2,"21":2,"22":0,"23":2,"24":10,"25":3,"26":2,"27":2},"f":{"0":10,"1":4,"2":3,"3":2,"4":2},"b":{"0":[2,2],"1":[0,2],"2":[0,0],"3":[2,1],"4":[2,0],"5":[2,0],"6":[2,0],"7":[2,1],"8":[2,2]}}
,"C:\\Users\\asuho\\plus-one\\plusone\\src\\pages\\Signup.tsx": {"path":"C:\\Users\\asuho\\plus-one\\plusone\\src\\pages\\Signup.tsx","statementMap":{"0":{"start":{"line":6,"column":0},"end":{"line":6,"column":24}},"1":{"start":{"line":1,"column":0},"end":{"line":1,"column":33}},"2":{"start":{"line":3,"column":0},"end":{"line":3,"column":53}},"3":{"start":{"line":4,"column":0},"end":{"line":4,"column":73}},"4":{"start":{"line":7,"column":19},"end":{"line":7,"column":32}},"5":{"start":{"line":10,"column":34},"end":{"line":16,"column":4}},"6":{"start":{"line":19,"column":28},"end":{"line":19,"column":40}},"7":{"start":{"line":20,"column":36},"end":{"line":20,"column":51}},"8":{"start":{"line":23,"column":23},"end":{"line":31,"column":3}},"9":{"start":{"line":24,"column":28},"end":{"line":24,"column":36}},"10":{"start":{"line":25,"column":4},"end":{"line":28,"column":8}},"11":{"start":{"line":25,"column":27},"end":{"line":28,"column":6}},"12":{"start":{"line":30,"column":4},"end":{"line":30,"column":17}},"13":{"start":{"line":34,"column":23},"end":{"line":54,"column":3}},"14":{"start":{"line":35,"column":4},"end":{"line":37,"column":5}},"15":{"start":{"line":36,"column":6},"end":{"line":36,"column":38}},"16":{"start":{"line":38,"column":4},"end":{"line":40,"column":5}},"17":{"start":{"line":39,"column":6},"end":{"line":39,"column":37}},"18":{"start":{"line":41,"column":4},"end":{"line":43,"column":5}},"19":{"start":{"line":42,"column":6},"end":{"line":42,"column":33}},"20":{"start":{"line":44,"column":4},"end":{"line":46,"column":5}},"21":{"start":{"line":45,"column":6},"end":{"line":45,"column":66}},"22":{"start":{"line":47,"column":4},"end":{"line":49,"column":5}},"23":{"start":{"line":48,"column":6},"end":{"line":48,"column":54}},"24":{"start":{"line":50,"column":4},"end":{"line":52,"column":5}},"25":{"start":{"line":51,"column":6},"end":{"line":51,"column":38}},"26":{"start":{"line":53,"column":4},"end":{"line":53,"column":16}},"27":{"start":{"line":57,"column":23},"end":{"line":101,"column":3}},"28":{"start":{"line":58,"column":4},"end":{"line":58,"column":23}},"29":{"start":{"line":59,"column":4},"end":{"line":59,"column":17}},"30":{"start":{"line":62,"column":28},"end":{"line":62,"column":42}},"31":{"start":{"line":63,"column":4},"end":{"line":66,"column":5}},"32":{"start":{"line":64,"column":6},"end":{"line":64,"column":32}},"33":{"start":{"line":65,"column":6},"end":{"line":65,"column":13}},"34":{"start":{"line":68,"column":4},"end":{"line":68,"column":23}},"35":{"start":{"line":70,"column":4},"end":{"line":100,"column":5}},"36":{"start":{"line":72,"column":23},"end":{"line":77,"column":8}},"37":{"start":{"line":79,"column":6},"end":{"line":95,"column":7}},"38":{"start":{"line":81,"column":8},"end":{"line":89,"column":10}},"39":{"start":{"line":92,"column":8},"end":{"line":92,"column":51}},"40":{"start":{"line":94,"column":8},"end":{"line":94,"column":35}},"41":{"start":{"line":97,"column":6},"end":{"line":97,"column":70}},"42":{"start":{"line":99,"column":6},"end":{"line":99,"column":26}},"43":{"start":{"line":103,"column":2},"end":{"line":183,"column":4}}},"fnMap":{"0":{"name":"Signup","decl":{"start":{"line":6,"column":24},"end":{"line":6,"column":30}},"loc":{"start":{"line":6,"column":30},"end":{"line":184,"column":1}}},"1":{"name":"(anonymous_1)","decl":{"start":{"line":23,"column":23},"end":{"line":23,"column":24}},"loc":{"start":{"line":23,"column":66},"end":{"line":31,"column":3}}},"2":{"name":"(anonymous_2)","decl":{"start":{"line":25,"column":16},"end":{"line":25,"column":17}},"loc":{"start":{"line":25,"column":27},"end":{"line":28,"column":6}}},"3":{"name":"(anonymous_3)","decl":{"start":{"line":34,"column":23},"end":{"line":34,"column":41}},"loc":{"start":{"line":34,"column":43},"end":{"line":54,"column":3}}},"4":{"name":"(anonymous_4)","decl":{"start":{"line":57,"column":23},"end":{"line":57,"column":28}},"loc":{"start":{"line":57,"column":63},"end":{"line":101,"column":3}}}},"branchMap":{"0":{"loc":{"start":{"line":35,"column":4},"end":{"line":37,"column":5}},"type":"if","locations":[{"start":{"line":35,"column":4},"end":{"line":37,"column":5}},{"start":{},"end":{}}]},"1":{"loc":{"start":{"line":38,"column":4},"end":{"line":40,"column":5}},"type":"if","locations":[{"start":{"line":38,"column":4},"end":{"line":40,"column":5}},{"start":{},"end":{}}]},"2":{"loc":{"start":{"line":41,"column":4},"end":{"line":43,"column":5}},"type":"if","locations":[{"start":{"line":41,"column":4},"end":{"line":43,"column":5}},{"start":{},"end":{}}]},"3":{"loc":{"start":{"line":44,"column":4},"end":{"line":46,"column":5}},"type":"if","locations":[{"start":{"line":44,"column":4},"end":{"line":46,"column":5}},{"start":{},"end":{}}]},"4":{"loc":{"start":{"line":47,"column":4},"end":{"line":49,"column":5}},"type":"if","locations":[{"start":{"line":47,"column":4},"end":{"line":49,"column":5}},{"start":{},"end":{}}]},"5":{"loc":{"start":{"line":50,"column":4},"end":{"line":52,"column":5}},"type":"if","locations":[{"start":{"line":50,"column":4},"end":{"line":52,"column":5}},{"start":{},"end":{}}]},"6":{"loc":{"start":{"line":63,"column":4},"end":{"line":66,"column":5}},"type":"if","locations":[{"start":{"line":63,"column":4},"end":{"line":66,"column":5}},{"start":{},"end":{}}]},"7":{"loc":{"start":{"line":79,"column":6},"end":{"line":95,"column":7}},"type":"if","locations":[{"start":{"line":79,"column":6},"end":{"line":95,"column":7}},{"start":{"line":93,"column":13},"end":{"line":95,"column":7}}]},"8":{"loc":{"start":{"line":97,"column":15},"end":{"line":97,"column":68}},"type":"binary-expr","locations":[{"start":{"line":97,"column":15},"end":{"line":97,"column":26}},{"start":{"line":97,"column":30},"end":{"line":97,"column":68}}]},"9":{"loc":{"start":{"line":110,"column":11},"end":{"line":113,"column":null}},"type":"binary-expr","locations":[{"start":{"line":110,"column":11},"end":{"line":110,"column":16}},{"start":{"line":111,"column":12},"end":{"line":112,"column":null}}]},"10":{"loc":{"start":{"line":167,"column":15},"end":{"line":167,"column":60}},"type":"cond-expr","locations":[{"start":{"line":167,"column":27},"end":{"line":167,"column":48}},{"start":{"line":167,"column":51},"end":{"line":167,"column":60}}]}},"s":{"0":1,"1":1,"2":1,"3":1,"4":27,"5":27,"6":27,"7":27,"8":27,"9":18,"10":18,"11":18,"12":18,"13":27,"14":4,"15":0,"16":4,"17":0,"18":4,"19":0,"20":4,"21":1,"22":3,"23":0,"24":3,"25":1,"26":2,"27":27,"28":4,"29":4,"30":4,"31":4,"32":2,"33":2,"34":2,"35":2,"36":2,"37":2,"38":1,"39":1,"40":1,"41":0,"42":2,"43":27},"f":{"0":27,"1":18,"2":18,"3":4,"4":4},"b":{"0":[0,4],"1":[0,4],"2":[0,4],"3":[1,3],"4":[0,3],"5":[1,2],"6":[2,2],"7":[1,1],"8":[0,0],"9":[27,3],"10":[2,25]}}
,"C:\\Users\\asuho\\plus-one\\plusone\\src\\services\\authService.ts": {"path":"C:\\Users\\asuho\\plus-one\\plusone\\src\\services\\authService.ts","statementMap":{"0":{"start":{"line":1,"column":0},"end":{"line":1,"column":29}},"1":{"start":{"line":25,"column":13},"end":{"line":67,"column":2}},"2":{"start":{"line":30,"column":4},"end":{"line":38,"column":5}},"3":{"start":{"line":31,"column":23},"end":{"line":31,"column":73}},"4":{"start":{"line":32,"column":6},"end":{"line":32,"column":27}},"5":{"start":{"line":34,"column":6},"end":{"line":36,"column":7}},"6":{"start":{"line":35,"column":8},"end":{"line":35,"column":35}},"7":{"start":{"line":37,"column":6},"end":{"line":37,"column":58}},"8":{"start":{"line":45,"column":4},"end":{"line":53,"column":5}},"9":{"start":{"line":46,"column":23},"end":{"line":46,"column":72}},"10":{"start":{"line":47,"column":6},"end":{"line":47,"column":27}},"11":{"start":{"line":49,"column":6},"end":{"line":51,"column":7}},"12":{"start":{"line":50,"column":8},"end":{"line":50,"column":35}},"13":{"start":{"line":52,"column":6},"end":{"line":52,"column":58}},"14":{"start":{"line":60,"column":4},"end":{"line":65,"column":5}},"15":{"start":{"line":61,"column":23},"end":{"line":61,"column":50}},"16":{"start":{"line":62,"column":6},"end":{"line":62,"column":27}},"17":{"start":{"line":64,"column":6},"end":{"line":64,"column":54}},"18":{"start":{"line":70,"column":33},"end":{"line":72,"column":1}},"19":{"start":{"line":71,"column":2},"end":{"line":71,"column":64}},"20":{"start":{"line":70,"column":13},"end":{"line":70,"column":33}}},"fnMap":{"0":{"name":"(anonymous_0)","decl":{"start":{"line":29,"column":10},"end":{"line":29,"column":15}},"loc":{"start":{"line":29,"column":63},"end":{"line":39,"column":3}}},"1":{"name":"(anonymous_1)","decl":{"start":{"line":44,"column":9},"end":{"line":44,"column":14}},"loc":{"start":{"line":44,"column":61},"end":{"line":54,"column":3}}},"2":{"name":"(anonymous_2)","decl":{"start":{"line":59,"column":8},"end":{"line":59,"column":13}},"loc":{"start":{"line":59,"column":36},"end":{"line":66,"column":3}}},"3":{"name":"(anonymous_3)","decl":{"start":{"line":70,"column":33},"end":{"line":70,"column":34}},"loc":{"start":{"line":70,"column":60},"end":{"line":72,"column":1}}}},"branchMap":{"0":{"loc":{"start":{"line":34,"column":6},"end":{"line":36,"column":7}},"type":"if","locations":[{"start":{"line":34,"column":6},"end":{"line":36,"column":7}},{"start":{},"end":{}}]},"1":{"loc":{"start":{"line":49,"column":6},"end":{"line":51,"column":7}},"type":"if","locations":[{"start":{"line":49,"column":6},"end":{"line":51,"column":7}},{"start":{},"end":{}}]}},"s":{"0":1,"1":1,"2":3,"3":3,"4":1,"5":2,"6":1,"7":1,"8":3,"9":3,"10":1,"11":2,"12":1,"13":1,"14":2,"15":2,"16":1,"17":1,"18":1,"19":5,"20":1},"f":{"0":3,"1":3,"2":2,"3":5},"b":{"0":[1,1],"1":[1,1]}}
,"C:\\Users\\asuho\\plus-one\\plusone\\src\\services\\connectionService.ts": {"path":"C:\\Users\\asuho\\plus-one\\plusone\\src\\services\\connectionService.ts","statementMap":{"0":{"start":{"line":2,"column":0},"end":{"line":2,"column":29}},"1":{"start":{"line":35,"column":13},"end":{"line":83,"column":2}},"2":{"start":{"line":38,"column":21},"end":{"line":40,"column":6}},"3":{"start":{"line":41,"column":4},"end":{"line":41,"column":16}},"4":{"start":{"line":46,"column":21},"end":{"line":48,"column":6}},"5":{"start":{"line":49,"column":4},"end":{"line":49,"column":16}},"6":{"start":{"line":54,"column":21},"end":{"line":56,"column":6}},"7":{"start":{"line":57,"column":4},"end":{"line":57,"column":16}},"8":{"start":{"line":62,"column":21},"end":{"line":64,"column":6}},"9":{"start":{"line":65,"column":4},"end":{"line":65,"column":16}},"10":{"start":{"line":70,"column":21},"end":{"line":72,"column":6}},"11":{"start":{"line":73,"column":4},"end":{"line":73,"column":16}},"12":{"start":{"line":78,"column":21},"end":{"line":80,"column":6}},"13":{"start":{"line":81,"column":4},"end":{"line":81,"column":16}}},"fnMap":{"0":{"name":"(anonymous_0)","decl":{"start":{"line":37,"column":2},"end":{"line":37,"column":7}},"loc":{"start":{"line":37,"column":44},"end":{"line":42,"column":3}}},"1":{"name":"(anonymous_1)","decl":{"start":{"line":45,"column":2},"end":{"line":45,"column":7}},"loc":{"start":{"line":45,"column":84},"end":{"line":50,"column":3}}},"2":{"name":"(anonymous_2)","decl":{"start":{"line":53,"column":2},"end":{"line":53,"column":7}},"loc":{"start":{"line":53,"column":65},"end":{"line":58,"column":3}}},"3":{"name":"(anonymous_3)","decl":{"start":{"line":61,"column":2},"end":{"line":61,"column":7}},"loc":{"start":{"line":61,"column":64},"end":{"line":66,"column":3}}},"4":{"name":"(anonymous_4)","decl":{"start":{"line":69,"column":2},"end":{"line":69,"column":7}},"loc":{"start":{"line":69,"column":41},"end":{"line":74,"column":3}}},"5":{"name":"(anonymous_5)","decl":{"start":{"line":77,"column":2},"end":{"line":77,"column":7}},"loc":{"start":{"line":77,"column":65},"end":{"line":82,"column":3}}}},"branchMap":{},"s":{"0":1,"1":1,"2":2,"3":1,"4":1,"5":1,"6":1,"7":1,"8":1,"9":1,"10":1,"11":1,"12":1,"13":1},"f":{"0":2,"1":1,"2":1,"3":1,"4":1,"5":1},"b":{}}
,"C:\\Users\\asuho\\plus-one\\plusone\\src\\services\\http.ts": {"path":"C:\\Users\\asuho\\plus-one\\plusone\\src\\services\\http.ts","statementMap":{"0":{"start":{"line":4,"column":2},"end":{"line":6,"column":29}},"1":{"start":{"line":8,"column":19},"end":{"line":12,"column":2}}},"fnMap":{},"branchMap":{"0":{"loc":{"start":{"line":4,"column":2},"end":{"line":6,"column":29}},"type":"binary-expr","locations":[{"start":{"line":4,"column":3},"end":{"line":4,"column":37}},{"start":{"line":4,"column":42},"end":{"line":4,"column":84}},{"start":{"line":5,"column":2},"end":{"line":5,"column":31}},{"start":{"line":6,"column":2},"end":{"line":6,"column":29}}]}},"s":{"0":0,"1":0},"f":{},"b":{"0":[0,0,0,0]}}
,"C:\\Users\\asuho\\plus-one\\plusone\\src\\services\\postService.ts": {"path":"C:\\Users\\asuho\\plus-one\\plusone\\src\\services\\postService.ts","statementMap":{"0":{"start":{"line":1,"column":0},"end":{"line":1,"column":29}},"1":{"start":{"line":5,"column":13},"end":{"line":25,"column":2}},"2":{"start":{"line":7,"column":21},"end":{"line":7,"column":79}},"3":{"start":{"line":8,"column":4},"end":{"line":8,"column":16}},"4":{"start":{"line":11,"column":21},"end":{"line":11,"column":76}},"5":{"start":{"line":12,"column":4},"end":{"line":12,"column":16}},"6":{"start":{"line":15,"column":21},"end":{"line":15,"column":57}},"7":{"start":{"line":16,"column":4},"end":{"line":16,"column":16}},"8":{"start":{"line":19,"column":21},"end":{"line":19,"column":62}},"9":{"start":{"line":20,"column":4},"end":{"line":20,"column":16}},"10":{"start":{"line":23,"column":4},"end":{"line":23,"column":37}}},"fnMap":{"0":{"name":"(anonymous_0)","decl":{"start":{"line":6,"column":2},"end":{"line":6,"column":7}},"loc":{"start":{"line":6,"column":33},"end":{"line":9,"column":3}}},"1":{"name":"(anonymous_1)","decl":{"start":{"line":10,"column":2},"end":{"line":10,"column":7}},"loc":{"start":{"line":10,"column":27},"end":{"line":13,"column":3}}},"2":{"name":"(anonymous_2)","decl":{"start":{"line":14,"column":2},"end":{"line":14,"column":7}},"loc":{"start":{"line":14,"column":25},"end":{"line":17,"column":3}}},"3":{"name":"(anonymous_3)","decl":{"start":{"line":18,"column":2},"end":{"line":18,"column":7}},"loc":{"start":{"line":18,"column":37},"end":{"line":21,"column":3}}},"4":{"name":"(anonymous_4)","decl":{"start":{"line":22,"column":2},"end":{"line":22,"column":7}},"loc":{"start":{"line":22,"column":25},"end":{"line":24,"column":3}}}},"branchMap":{},"s":{"0":1,"1":1,"2":1,"3":1,"4":2,"5":1,"6":1,"7":1,"8":1,"9":1,"10":1},"f":{"0":1,"1":2,"2":1,"3":1,"4":1},"b":{}}
,"C:\\Users\\asuho\\plus-one\\plusone\\src\\services\\profileService.ts": {"path":"C:\\Users\\asuho\\plus-one\\plusone\\src\\services\\profileService.ts","statementMap":{"0":{"start":{"line":1,"column":0},"end":{"line":1,"column":29}},"1":{"start":{"line":4,"column":13},"end":{"line":13,"column":2}},"2":{"start":{"line":6,"column":21},"end":{"line":6,"column":79}},"3":{"start":{"line":7,"column":4},"end":{"line":7,"column":16}},"4":{"start":{"line":10,"column":21},"end":{"line":10,"column":88}},"5":{"start":{"line":11,"column":4},"end":{"line":11,"column":16}}},"fnMap":{"0":{"name":"(anonymous_0)","decl":{"start":{"line":5,"column":2},"end":{"line":5,"column":7}},"loc":{"start":{"line":5,"column":33},"end":{"line":8,"column":3}}},"1":{"name":"(anonymous_1)","decl":{"start":{"line":9,"column":2},"end":{"line":9,"column":7}},"loc":{"start":{"line":9,"column":67},"end":{"line":12,"column":3}}}},"branchMap":{},"s":{"0":1,"1":1,"2":1,"3":1,"4":2,"5":1},"f":{"0":1,"1":2},"b":{}}
,"C:\\Users\\asuho\\plus-one\\plusone\\src\\types\\profile.ts": {"path":"C:\\Users\\asuho\\plus-one\\plusone\\src\\types\\profile.ts","statementMap":{"0":{"start":{"line":10,"column":13},"end":{"line":16,"column":2}}},"fnMap":{},"branchMap":{},"s":{"0":2},"f":{},"b":{}}
}
