TN:
SF:src\App.tsx
FN:13,App
FNF:1
FNH:1
FNDA:10,App
DA:1,1
DA:2,1
DA:3,1
DA:4,1
DA:5,1
DA:6,1
DA:7,1
DA:8,1
DA:9,1
DA:10,1
DA:11,1
DA:13,1
DA:14,10
LF:13
LH:13
BRF:0
BRH:0
end_of_record
TN:
SF:src\main.tsx
FNF:0
FNH:0
DA:9,0
LF:1
LH:0
BRF:0
BRH:0
end_of_record
TN:
SF:src\.tests\testHelpers.ts
FN:3,(anonymous_1)
FNF:1
FNH:1
FNDA:3,(anonymous_1)
DA:1,1
DA:3,1
DA:4,3
DA:7,3
DA:15,3
DA:18,3
DA:19,3
DA:20,3
DA:21,3
DA:23,3
LF:10
LH:10
BRF:0
BRH:0
end_of_record
TN:
SF:src\components\ConnectPopup.tsx
FN:21,ConnectPopup
FN:26,(anonymous_1)
FN:54,(anonymous_2)
FN:88,(anonymous_3)
FNF:4
FNH:4
FNDA:18,ConnectPopup
FNDA:2,(anonymous_1)
FNDA:1,(anonymous_2)
FNDA:3,(anonymous_3)
DA:1,2
DA:2,2
DA:21,2
DA:22,18
DA:23,18
DA:24,18
DA:26,18
DA:27,2
DA:29,2
DA:30,0
DA:31,0
DA:34,2
DA:35,2
DA:37,2
DA:38,2
DA:43,2
DA:44,1
DA:45,1
DA:46,1
DA:48,1
DA:50,2
DA:54,18
DA:55,1
DA:56,1
DA:57,1
DA:60,18
DA:62,13
DA:88,3
LF:28
LH:26
BRDA:29,0,0,0
BRDA:29,0,1,2
BRDA:48,1,0,1
BRDA:48,1,1,0
BRDA:60,2,0,5
BRDA:60,2,1,13
BRDA:97,3,0,13
BRDA:97,3,1,1
BRDA:115,4,0,13
BRDA:115,4,1,11
BRDA:117,5,0,2
BRDA:117,5,1,11
BRF:12
BRH:10
end_of_record
TN:
SF:src\components\Header.tsx
FN:7,Header
FNF:1
FNH:1
FNDA:14,Header
DA:7,3
DA:8,14
LF:2
LH:2
BRDA:27,0,0,1
BRDA:27,0,1,13
BRF:2
BRH:2
end_of_record
TN:
SF:src\components\PageTemplate.tsx
FN:10,Shell
FN:21,(anonymous_2)
FN:21,(anonymous_3)
FN:24,(anonymous_4)
FNF:4
FNH:3
FNDA:13,Shell
FNDA:2,(anonymous_2)
FNDA:2,(anonymous_3)
FNDA:0,(anonymous_4)
DA:1,2
DA:2,2
DA:3,2
DA:10,2
DA:14,13
DA:16,13
DA:21,2
DA:24,0
LF:8
LH:7
BRF:0
BRH:0
end_of_record
TN:
SF:src\components\Sidebar.tsx
FN:8,Sidebar
FN:19,(anonymous_1)
FN:47,(anonymous_2)
FNF:3
FNH:3
FNDA:15,Sidebar
FNDA:1,(anonymous_1)
FNDA:60,(anonymous_2)
DA:1,3
DA:8,3
DA:9,15
DA:10,15
DA:12,15
DA:19,15
DA:20,1
DA:21,1
DA:22,1
DA:25,15
DA:48,60
LF:11
LH:11
BRDA:29,0,0,3
BRDA:29,0,1,12
BRDA:35,1,0,3
BRDA:35,1,1,12
BRDA:53,2,0,12
BRDA:53,2,1,48
BRF:6
BRH:6
end_of_record
TN:
SF:src\components\UserProfileCard.tsx
FN:36,UserProfileCard
FN:41,(anonymous_2)
FN:45,(anonymous_3)
FN:56,(anonymous_4)
FN:62,(anonymous_5)
FN:67,(anonymous_6)
FN:78,(anonymous_7)
FN:89,(anonymous_8)
FN:152,(anonymous_9)
FN:179,(anonymous_10)
FNF:10
FNH:8
FNDA:7,UserProfileCard
FNDA:3,(anonymous_2)
FNDA:3,(anonymous_3)
FNDA:1,(anonymous_4)
FNDA:0,(anonymous_5)
FNDA:7,(anonymous_6)
FNDA:7,(anonymous_7)
FNDA:21,(anonymous_8)
FNDA:21,(anonymous_9)
FNDA:0,(anonymous_10)
DA:1,1
DA:2,1
DA:3,1
DA:36,1
DA:37,7
DA:38,7
DA:39,7
DA:41,7
DA:42,3
DA:45,7
DA:46,3
DA:47,3
DA:48,3
DA:50,0
DA:52,0
DA:56,7
DA:57,1
DA:58,1
DA:62,7
DA:63,0
DA:64,0
DA:67,7
DA:68,7
DA:70,2
DA:72,1
DA:74,4
DA:78,7
DA:79,7
DA:81,2
DA:83,1
DA:85,4
DA:89,7
DA:90,21
DA:91,21
DA:94,7
DA:153,21
DA:179,0
LF:37
LH:32
BRDA:57,0,0,1
BRDA:57,0,1,0
BRDA:68,1,0,2
BRDA:68,1,1,1
BRDA:68,1,2,4
BRDA:79,2,0,2
BRDA:79,2,1,1
BRDA:79,2,2,4
BRDA:110,3,0,0
BRDA:110,3,1,7
BRDA:138,4,0,2
BRDA:138,4,1,5
BRDA:139,5,0,1
BRDA:139,5,1,4
BRDA:141,6,0,1
BRDA:141,6,1,6
BRDA:149,7,0,7
BRDA:149,7,1,7
BRDA:149,7,2,7
BRDA:165,8,0,7
BRDA:165,8,1,7
BRF:21
BRH:19
end_of_record
TN:
SF:src\pages\Home.tsx
FN:31,Home
FN:37,(anonymous_1)
FN:45,(anonymous_2)
FN:51,(anonymous_3)
FN:64,(anonymous_4)
FN:80,(anonymous_5)
FN:80,(anonymous_6)
FN:100,(anonymous_7)
FN:134,(anonymous_8)
FNF:9
FNH:0
FNDA:0,Home
FNDA:0,(anonymous_1)
FNDA:0,(anonymous_2)
FNDA:0,(anonymous_3)
FNDA:0,(anonymous_4)
FNDA:0,(anonymous_5)
FNDA:0,(anonymous_6)
FNDA:0,(anonymous_7)
FNDA:0,(anonymous_8)
DA:32,0
DA:33,0
DA:34,0
DA:35,0
DA:37,0
DA:38,0
DA:39,0
DA:41,0
DA:45,0
DA:46,0
DA:47,0
DA:51,0
DA:52,0
DA:53,0
DA:54,0
DA:55,0
DA:57,0
DA:58,0
DA:60,0
DA:64,0
DA:66,0
DA:69,0
DA:80,0
DA:100,0
DA:135,0
LF:25
LH:0
BRDA:39,0,0,0
BRDA:39,0,1,0
BRDA:46,1,0,0
BRDA:46,1,1,0
BRDA:91,2,0,0
BRDA:91,2,1,0
BRDA:105,3,0,0
BRDA:105,3,1,0
BRDA:117,4,0,0
BRDA:117,4,1,0
BRDA:124,5,0,0
BRDA:124,5,1,0
BRDA:128,6,0,0
BRDA:128,6,1,0
BRF:14
BRH:0
end_of_record
TN:
SF:src\pages\Landing.tsx
FN:3,Landing
FNF:1
FNH:1
FNDA:2,Landing
DA:1,1
DA:4,2
DA:29,1
LF:3
LH:3
BRF:0
BRH:0
end_of_record
TN:
SF:src\pages\Login.tsx
FN:7,Login
FN:21,(anonymous_1)
FN:23,(anonymous_2)
FN:32,(anonymous_3)
FNF:4
FNH:4
FNDA:16,Login
FNDA:6,(anonymous_1)
FNDA:6,(anonymous_2)
FNDA:3,(anonymous_3)
DA:1,1
DA:3,1
DA:4,1
DA:5,1
DA:7,1
DA:8,16
DA:11,16
DA:17,16
DA:18,16
DA:21,16
DA:22,6
DA:23,6
DA:28,6
DA:32,16
DA:33,3
DA:34,3
DA:36,3
DA:37,0
DA:38,0
DA:41,3
DA:43,3
DA:45,3
DA:50,3
DA:52,2
DA:63,2
DA:64,2
DA:65,2
DA:66,2
DA:67,1
DA:69,1
DA:72,0
DA:75,0
DA:78,1
DA:81,0
DA:83,3
DA:87,16
LF:36
LH:31
BRDA:36,0,0,0
BRDA:36,0,1,3
BRDA:36,1,0,3
BRDA:36,1,1,3
BRDA:50,2,0,2
BRDA:50,2,1,1
BRDA:64,3,0,2
BRDA:64,3,1,0
BRDA:66,4,0,1
BRDA:66,4,1,1
BRDA:81,5,0,0
BRDA:81,5,1,0
BRDA:94,6,0,16
BRDA:94,6,1,1
BRDA:124,7,0,3
BRDA:124,7,1,13
BRF:16
BRH:12
end_of_record
TN:
SF:src\pages\MakePost.tsx
FN:7,MakePost
FN:20,(anonymous_2)
FN:25,(anonymous_3)
FN:36,(anonymous_4)
FN:41,(anonymous_5)
FN:49,(anonymous_6)
FN:80,(anonymous_7)
FN:80,(anonymous_8)
FN:93,(anonymous_9)
FN:103,(anonymous_10)
FN:110,(anonymous_11)
FN:118,(anonymous_12)
FN:132,(anonymous_13)
FN:144,(anonymous_14)
FN:162,(anonymous_15)
FNF:15
FNH:10
FNDA:12,MakePost
FNDA:4,(anonymous_2)
FNDA:4,(anonymous_3)
FNDA:1,(anonymous_4)
FNDA:0,(anonymous_5)
FNDA:3,(anonymous_6)
FNDA:0,(anonymous_7)
FNDA:0,(anonymous_8)
FNDA:0,(anonymous_9)
FNDA:3,(anonymous_10)
FNDA:60,(anonymous_11)
FNDA:1,(anonymous_12)
FNDA:2,(anonymous_13)
FNDA:1,(anonymous_14)
FNDA:0,(anonymous_15)
DA:1,1
DA:2,1
DA:3,1
DA:4,1
DA:7,1
DA:8,12
DA:9,12
DA:10,12
DA:11,12
DA:12,12
DA:13,12
DA:14,12
DA:16,12
DA:17,12
DA:18,12
DA:20,12
DA:21,4
DA:25,12
DA:26,4
DA:27,1
DA:28,1
DA:29,1
DA:30,1
DA:31,1
DA:32,1
DA:36,12
DA:37,1
DA:38,1
DA:41,12
DA:43,12
DA:44,12
DA:45,12
DA:46,12
DA:47,12
DA:49,12
DA:50,3
DA:51,3
DA:54,3
DA:64,3
DA:65,1
DA:67,2
DA:70,3
DA:73,12
DA:80,0
DA:93,0
DA:103,3
DA:111,60
DA:118,1
DA:132,2
DA:144,1
DA:162,0
LF:51
LH:48
BRDA:21,0,0,4
BRDA:21,0,1,0
BRDA:26,1,0,1
BRDA:26,1,1,3
BRDA:31,2,0,1
BRDA:31,2,1,1
BRDA:32,3,0,1
BRDA:32,3,1,1
BRDA:38,4,0,1
BRDA:38,4,1,0
BRDA:51,5,0,0
BRDA:51,5,1,3
BRDA:60,6,0,3
BRDA:60,6,1,3
BRDA:61,7,0,1
BRDA:61,7,1,2
BRDA:61,8,0,3
BRDA:61,8,1,1
BRDA:64,9,0,1
BRDA:64,9,1,2
BRDA:84,10,0,0
BRDA:84,10,1,12
BRDA:90,11,0,3
BRDA:90,11,1,9
BRDA:137,12,0,12
BRDA:137,12,1,7
BRDA:154,13,0,0
BRDA:154,13,1,12
BRDA:162,14,0,0
BRDA:162,14,1,0
BRDA:172,15,0,3
BRDA:172,15,1,9
BRF:32
BRH:25
end_of_record
TN:
SF:src\pages\Messages.tsx
FN:3,Messages
FNF:1
FNH:0
FNDA:0,Messages
DA:4,0
LF:1
LH:0
BRF:0
BRH:0
end_of_record
TN:
SF:src\pages\MyPage.tsx
FN:11,MyPage
FN:29,(anonymous_2)
FN:37,(anonymous_3)
FN:39,(anonymous_4)
FN:65,(anonymous_5)
FN:78,(anonymous_6)
FN:82,(anonymous_7)
FN:82,(anonymous_8)
FN:85,(anonymous_9)
FN:89,(anonymous_10)
FN:103,(anonymous_11)
FN:117,(anonymous_12)
FN:148,(anonymous_13)
FN:148,(anonymous_14)
FN:168,(anonymous_15)
FN:230,(anonymous_16)
FN:248,(anonymous_17)
FN:254,(anonymous_18)
FN:271,(anonymous_19)
FN:306,(anonymous_20)
FN:313,(anonymous_21)
FN:327,(anonymous_22)
FN:343,timeAgo
FNF:23
FNH:17
FNDA:8,MyPage
FNDA:3,(anonymous_2)
FNDA:3,(anonymous_3)
FNDA:2,(anonymous_4)
FNDA:4,(anonymous_5)
FNDA:1,(anonymous_6)
FNDA:1,(anonymous_7)
FNDA:1,(anonymous_8)
FNDA:0,(anonymous_9)
FNDA:1,(anonymous_10)
FNDA:1,(anonymous_11)
FNDA:2,(anonymous_12)
FNDA:0,(anonymous_13)
FNDA:0,(anonymous_14)
FNDA:0,(anonymous_15)
FNDA:2,(anonymous_16)
FNDA:1,(anonymous_17)
FNDA:1,(anonymous_18)
FNDA:4,(anonymous_19)
FNDA:0,(anonymous_20)
FNDA:1,(anonymous_21)
FNDA:0,(anonymous_22)
FNDA:6,timeAgo
DA:1,1
DA:2,1
DA:3,1
DA:4,1
DA:5,1
DA:11,1
DA:12,8
DA:13,8
DA:14,8
DA:22,8
DA:23,8
DA:24,8
DA:25,8
DA:27,8
DA:29,8
DA:30,3
DA:31,3
DA:33,0
DA:37,8
DA:38,3
DA:39,2
DA:40,2
DA:41,2
DA:42,2
DA:43,2
DA:44,2
DA:52,2
DA:55,2
DA:57,0
DA:58,0
DA:60,2
DA:65,8
DA:66,4
DA:67,4
DA:68,4
DA:69,4
DA:70,4
DA:72,0
DA:74,4
DA:78,8
DA:79,1
DA:80,1
DA:81,1
DA:82,1
DA:85,8
DA:86,0
DA:89,8
DA:90,1
DA:91,1
DA:92,1
DA:94,1
DA:96,1
DA:98,0
DA:99,0
DA:103,8
DA:104,1
DA:105,1
DA:106,1
DA:108,1
DA:110,1
DA:112,0
DA:113,0
DA:117,8
DA:118,2
DA:119,2
DA:120,2
DA:121,2
DA:130,0
DA:134,8
DA:135,1
DA:138,7
DA:148,0
DA:168,0
DA:231,2
DA:248,1
DA:254,1
DA:272,4
DA:306,0
DA:313,1
DA:327,0
DA:344,6
DA:345,6
DA:346,6
DA:347,6
DA:348,6
DA:349,0
DA:350,0
LF:87
LH:71
BRDA:31,0,0,3
BRDA:31,0,1,1
BRDA:38,1,0,1
BRDA:38,1,1,2
BRDA:66,2,0,0
BRDA:66,2,1,4
BRDA:79,3,0,0
BRDA:79,3,1,1
BRDA:80,4,0,0
BRDA:80,4,1,1
BRDA:90,5,0,0
BRDA:90,5,1,1
BRDA:104,6,0,0
BRDA:104,6,1,1
BRDA:118,7,0,0
BRDA:118,7,1,2
BRDA:134,8,0,1
BRDA:134,8,1,7
BRDA:159,9,0,0
BRDA:159,9,1,7
BRDA:171,10,0,2
BRDA:171,10,1,5
BRDA:173,11,0,0
BRDA:173,11,1,5
BRDA:198,12,0,5
BRDA:198,12,1,0
BRDA:200,13,0,5
BRDA:200,13,1,0
BRDA:217,14,0,0
BRDA:217,14,1,5
BRDA:224,15,0,3
BRDA:224,15,1,2
BRDA:280,16,0,0
BRDA:280,16,1,4
BRDA:280,17,0,4
BRDA:280,17,1,0
BRDA:288,18,0,0
BRDA:288,18,1,4
BRDA:344,19,0,0
BRDA:344,19,1,6
BRDA:348,20,0,6
BRDA:348,20,1,0
BRF:42
BRH:26
end_of_record
TN:
SF:src\pages\Onboarding.tsx
FN:56,(anonymous_0)
FN:83,Onboarding
FN:85,(anonymous_2)
FN:101,(anonymous_3)
FN:107,(anonymous_4)
FN:121,(anonymous_5)
FN:132,(anonymous_6)
FN:137,(anonymous_7)
FN:139,(anonymous_8)
FN:143,(anonymous_9)
FN:147,(anonymous_10)
FN:148,(anonymous_11)
FN:153,(anonymous_12)
FN:159,(anonymous_13)
FN:166,(anonymous_14)
FN:169,(anonymous_15)
FN:172,(anonymous_16)
FN:184,(anonymous_17)
FN:208,(anonymous_18)
FN:267,(anonymous_19)
FN:268,(anonymous_20)
FN:305,StepHeader
FN:340,DemographicsStep
FN:341,(anonymous_23)
FN:342,(anonymous_24)
FN:348,(anonymous_25)
FN:349,(anonymous_26)
FN:355,(anonymous_27)
FN:356,(anonymous_28)
FN:358,(anonymous_29)
FN:372,(anonymous_30)
FN:373,(anonymous_31)
FN:382,(anonymous_32)
FN:383,(anonymous_33)
FN:399,(anonymous_34)
FN:402,(anonymous_35)
FN:415,(anonymous_36)
FN:418,(anonymous_37)
FN:433,(anonymous_38)
FN:436,(anonymous_39)
FN:451,(anonymous_40)
FN:454,(anonymous_41)
FN:465,(anonymous_42)
FN:485,CareerStep
FN:486,(anonymous_44)
FN:487,(anonymous_45)
FN:496,(anonymous_46)
FN:497,(anonymous_47)
FN:506,(anonymous_48)
FN:507,(anonymous_49)
FN:524,(anonymous_50)
FN:535,(anonymous_51)
FN:551,(anonymous_52)
FN:563,(anonymous_53)
FN:578,InterestsStep
FN:592,(anonymous_55)
FN:599,(anonymous_56)
FN:615,(anonymous_57)
FN:643,PhotoStep
FN:666,(anonymous_59)
FN:696,StepFooter
FN:749,normalizeProfile
FN:777,normalizeProfileForRequest
FN:802,formatGenderLabel
FNF:64
FNH:39
FNDA:108,(anonymous_0)
FNDA:34,Onboarding
FNDA:10,(anonymous_2)
FNDA:10,(anonymous_3)
FNDA:9,(anonymous_4)
FNDA:10,(anonymous_5)
FNDA:3,(anonymous_6)
FNDA:0,(anonymous_7)
FNDA:0,(anonymous_8)
FNDA:1,(anonymous_9)
FNDA:3,(anonymous_10)
FNDA:3,(anonymous_11)
FNDA:0,(anonymous_12)
FNDA:1,(anonymous_13)
FNDA:0,(anonymous_14)
FNDA:0,(anonymous_15)
FNDA:0,(anonymous_16)
FNDA:4,(anonymous_17)
FNDA:12,(anonymous_18)
FNDA:0,(anonymous_19)
FNDA:0,(anonymous_20)
FNDA:24,StepHeader
FNDA:6,DemographicsStep
FNDA:0,(anonymous_23)
FNDA:0,(anonymous_24)
FNDA:0,(anonymous_25)
FNDA:0,(anonymous_26)
FNDA:0,(anonymous_27)
FNDA:0,(anonymous_28)
FNDA:0,(anonymous_29)
FNDA:0,(anonymous_30)
FNDA:0,(anonymous_31)
FNDA:0,(anonymous_32)
FNDA:0,(anonymous_33)
FNDA:0,(anonymous_34)
FNDA:30,(anonymous_35)
FNDA:0,(anonymous_36)
FNDA:648,(anonymous_37)
FNDA:0,(anonymous_38)
FNDA:60,(anonymous_39)
FNDA:0,(anonymous_40)
FNDA:300,(anonymous_41)
FNDA:0,(anonymous_42)
FNDA:6,CareerStep
FNDA:1,(anonymous_44)
FNDA:1,(anonymous_45)
FNDA:1,(anonymous_46)
FNDA:1,(anonymous_47)
FNDA:1,(anonymous_48)
FNDA:1,(anonymous_49)
FNDA:1,(anonymous_50)
FNDA:1,(anonymous_51)
FNDA:72,(anonymous_52)
FNDA:1,(anonymous_53)
FNDA:7,InterestsStep
FNDA:70,(anonymous_55)
FNDA:2,(anonymous_56)
FNDA:1,(anonymous_57)
FNDA:5,PhotoStep
FNDA:0,(anonymous_59)
FNDA:24,StepFooter
FNDA:12,normalizeProfile
FNDA:4,normalizeProfileForRequest
FNDA:30,formatGenderLabel
DA:1,1
DA:2,1
DA:3,1
DA:5,1
DA:7,1
DA:17,1
DA:19,1
DA:26,1
DA:39,1
DA:52,1
DA:56,108
DA:58,1
DA:83,1
DA:84,34
DA:85,34
DA:86,10
DA:87,10
DA:89,0
DA:93,34
DA:94,34
DA:95,34
DA:96,34
DA:97,34
DA:98,34
DA:99,34
DA:101,34
DA:102,10
DA:103,1
DA:104,1
DA:107,9
DA:108,9
DA:109,9
DA:110,9
DA:111,9
DA:112,8
DA:114,1
DA:116,9
DA:121,34
DA:122,10
DA:125,34
DA:126,1
DA:129,33
DA:130,33
DA:132,33
DA:133,3
DA:134,3
DA:137,33
DA:138,0
DA:139,0
DA:143,33
DA:144,1
DA:147,33
DA:148,3
DA:149,3
DA:150,3
DA:153,0
DA:159,33
DA:160,1
DA:161,1
DA:162,1
DA:163,1
DA:166,33
DA:167,0
DA:168,0
DA:169,0
DA:170,0
DA:171,0
DA:172,0
DA:181,0
DA:184,33
DA:185,4
DA:186,4
DA:187,4
DA:188,4
DA:189,4
DA:190,4
DA:195,4
DA:196,4
DA:197,1
DA:199,3
DA:202,0
DA:204,4
DA:208,33
DA:209,12
DA:210,12
DA:211,12
DA:213,12
DA:214,2
DA:215,2
DA:218,10
DA:219,10
DA:222,33
DA:268,0
DA:306,24
DA:308,24
DA:341,6
DA:342,0
DA:348,6
DA:349,0
DA:355,6
DA:356,0
DA:357,0
DA:358,0
DA:360,0
DA:372,6
DA:373,0
DA:382,6
DA:383,0
DA:392,6
DA:399,0
DA:403,30
DA:415,0
DA:419,648
DA:433,0
DA:437,60
DA:451,0
DA:455,300
DA:465,0
DA:486,6
DA:487,1
DA:496,6
DA:497,1
DA:506,6
DA:507,1
DA:516,6
DA:524,1
DA:535,1
DA:552,72
DA:563,1
DA:585,7
DA:593,70
DA:594,70
DA:599,2
DA:615,1
DA:644,5
DA:666,0
DA:705,24
DA:707,24
DA:750,12
DA:751,12
DA:778,4
DA:803,30
DA:805,6
DA:807,6
DA:809,6
DA:811,6
DA:813,6
DA:815,0
LF:148
LH:120
BRDA:87,0,0,10
BRDA:87,0,1,1
BRDA:102,1,0,1
BRDA:102,1,1,9
BRDA:114,2,0,1
BRDA:114,2,1,0
BRDA:122,3,0,10
BRDA:122,3,1,0
BRDA:125,4,0,1
BRDA:125,4,1,33
BRDA:138,5,0,0
BRDA:138,5,1,0
BRDA:152,6,0,0
BRDA:152,6,1,3
BRDA:161,7,0,0
BRDA:161,7,1,1
BRDA:167,8,0,0
BRDA:167,8,1,0
BRDA:170,9,0,0
BRDA:170,9,1,0
BRDA:171,10,0,0
BRDA:171,10,1,0
BRDA:185,11,0,0
BRDA:185,11,1,4
BRDA:196,12,0,1
BRDA:196,12,1,3
BRDA:199,13,0,3
BRDA:199,13,1,0
BRDA:202,14,0,0
BRDA:202,14,1,0
BRDA:211,15,0,12
BRDA:211,15,1,0
BRDA:213,16,0,2
BRDA:213,16,1,10
BRDA:218,17,0,10
BRDA:218,17,1,0
BRDA:231,18,0,1
BRDA:231,18,1,32
BRDA:235,19,0,9
BRDA:235,19,1,24
BRDA:247,20,0,6
BRDA:247,20,1,18
BRDA:250,21,0,6
BRDA:250,21,1,18
BRDA:253,22,0,7
BRDA:253,22,1,17
BRDA:262,23,0,5
BRDA:262,23,1,19
BRDA:344,24,0,0
BRDA:344,24,1,0
BRDA:351,25,0,0
BRDA:351,25,1,0
BRDA:365,26,0,0
BRDA:365,26,1,0
BRDA:366,27,0,0
BRDA:366,27,1,0
BRDA:398,28,0,6
BRDA:398,28,1,6
BRDA:414,29,0,6
BRDA:414,29,1,6
BRDA:562,30,0,6
BRDA:562,30,1,0
BRDA:598,31,0,9
BRDA:598,31,1,61
BRDA:627,32,0,5
BRDA:627,32,1,2
BRDA:666,33,0,0
BRDA:666,33,1,0
BRDA:680,34,0,5
BRDA:680,34,1,0
BRDA:710,35,0,18
BRDA:710,35,1,6
BRDA:725,36,0,19
BRDA:725,36,1,5
BRDA:732,37,0,3
BRDA:732,37,1,16
BRDA:741,38,0,1
BRDA:741,38,1,4
BRDA:750,39,0,0
BRDA:750,39,1,12
BRDA:752,40,0,12
BRDA:752,40,1,12
BRDA:753,41,0,12
BRDA:753,41,1,12
BRDA:755,42,0,12
BRDA:755,42,1,0
BRDA:756,43,0,12
BRDA:756,43,1,0
BRDA:757,44,0,12
BRDA:757,44,1,0
BRDA:758,45,0,12
BRDA:758,45,1,12
BRDA:759,46,0,12
BRDA:759,46,1,12
BRDA:762,47,0,12
BRDA:762,47,1,0
BRDA:763,48,0,12
BRDA:763,48,1,0
BRDA:764,49,0,12
BRDA:764,49,1,0
BRDA:766,50,0,12
BRDA:766,50,1,0
BRDA:768,51,0,12
BRDA:768,51,1,0
BRDA:769,52,0,12
BRDA:769,52,1,0
BRDA:770,53,0,12
BRDA:770,53,1,0
BRDA:772,54,0,12
BRDA:772,54,1,0
BRDA:773,55,0,12
BRDA:773,55,1,0
BRDA:784,56,0,4
BRDA:784,56,1,0
BRDA:790,57,0,4
BRDA:790,57,1,0
BRDA:795,58,0,4
BRDA:795,58,1,0
BRDA:797,59,0,4
BRDA:797,59,1,0
BRDA:798,60,0,4
BRDA:798,60,1,0
BRDA:803,61,0,6
BRDA:803,61,1,6
BRDA:803,61,2,6
BRDA:803,61,3,6
BRDA:803,61,4,6
BRDA:803,61,5,0
BRF:128
BRH:79
end_of_record
TN:
SF:src\pages\Search.tsx
FN:16,Search
FN:26,(anonymous_2)
FN:64,(anonymous_3)
FN:83,(anonymous_4)
FN:117,(anonymous_5)
FNF:5
FNH:5
FNDA:10,Search
FNDA:4,(anonymous_2)
FNDA:3,(anonymous_3)
FNDA:2,(anonymous_4)
FNDA:2,(anonymous_5)
DA:1,1
DA:2,1
DA:3,1
DA:16,1
DA:18,10
DA:20,10
DA:22,10
DA:23,10
DA:26,10
DA:27,4
DA:28,4
DA:29,4
DA:31,2
DA:32,2
DA:33,2
DA:35,2
DA:37,2
DA:40,2
DA:41,0
DA:43,2
DA:44,2
DA:46,0
DA:48,2
DA:52,10
DA:64,3
DA:84,2
DA:118,2
LF:27
LH:25
BRDA:29,0,0,2
BRDA:29,0,1,2
BRDA:40,1,0,0
BRDA:40,1,1,2
BRDA:46,2,0,0
BRDA:46,2,1,0
BRDA:91,3,0,2
BRDA:91,3,1,1
BRDA:106,4,0,2
BRDA:106,4,1,0
BRDA:107,5,0,2
BRDA:107,5,1,0
BRDA:110,6,0,2
BRDA:110,6,1,0
BRDA:115,7,0,2
BRDA:115,7,1,1
BRDA:115,8,0,2
BRDA:115,8,1,2
BRF:18
BRH:12
end_of_record
TN:
SF:src\pages\Signup.tsx
FN:6,Signup
FN:23,(anonymous_1)
FN:25,(anonymous_2)
FN:34,(anonymous_3)
FN:57,(anonymous_4)
FNF:5
FNH:5
FNDA:27,Signup
FNDA:18,(anonymous_1)
FNDA:18,(anonymous_2)
FNDA:4,(anonymous_3)
FNDA:4,(anonymous_4)
DA:1,1
DA:3,1
DA:4,1
DA:6,1
DA:7,27
DA:10,27
DA:19,27
DA:20,27
DA:23,27
DA:24,18
DA:25,18
DA:30,18
DA:34,27
DA:35,4
DA:36,0
DA:38,4
DA:39,0
DA:41,4
DA:42,0
DA:44,4
DA:45,1
DA:47,3
DA:48,0
DA:50,3
DA:51,1
DA:53,2
DA:57,27
DA:58,4
DA:59,4
DA:62,4
DA:63,4
DA:64,2
DA:65,2
DA:68,2
DA:70,2
DA:72,2
DA:79,2
DA:81,1
DA:92,1
DA:94,1
DA:97,0
DA:99,2
DA:103,27
LF:43
LH:38
BRDA:35,0,0,0
BRDA:35,0,1,4
BRDA:38,1,0,0
BRDA:38,1,1,4
BRDA:41,2,0,0
BRDA:41,2,1,4
BRDA:44,3,0,1
BRDA:44,3,1,3
BRDA:47,4,0,0
BRDA:47,4,1,3
BRDA:50,5,0,1
BRDA:50,5,1,2
BRDA:63,6,0,2
BRDA:63,6,1,2
BRDA:79,7,0,1
BRDA:79,7,1,1
BRDA:97,8,0,0
BRDA:97,8,1,0
BRDA:110,9,0,27
BRDA:110,9,1,3
BRDA:167,10,0,2
BRDA:167,10,1,25
BRF:22
BRH:16
end_of_record
TN:
SF:src\services\authService.ts
FN:29,(anonymous_0)
FN:44,(anonymous_1)
FN:59,(anonymous_2)
FN:70,(anonymous_3)
FNF:4
FNH:4
FNDA:3,(anonymous_0)
FNDA:3,(anonymous_1)
FNDA:2,(anonymous_2)
FNDA:5,(anonymous_3)
DA:1,1
DA:25,1
DA:30,3
DA:31,3
DA:32,1
DA:34,2
DA:35,1
DA:37,1
DA:45,3
DA:46,3
DA:47,1
DA:49,2
DA:50,1
DA:52,1
DA:60,2
DA:61,2
DA:62,1
DA:64,1
DA:70,1
DA:71,5
LF:20
LH:20
BRDA:34,0,0,1
BRDA:34,0,1,1
BRDA:49,1,0,1
BRDA:49,1,1,1
BRF:4
BRH:4
end_of_record
TN:
SF:src\services\connectionService.ts
FN:37,(anonymous_0)
FN:45,(anonymous_1)
FN:53,(anonymous_2)
FN:61,(anonymous_3)
FN:69,(anonymous_4)
FN:77,(anonymous_5)
FNF:6
FNH:6
FNDA:2,(anonymous_0)
FNDA:1,(anonymous_1)
FNDA:1,(anonymous_2)
FNDA:1,(anonymous_3)
FNDA:1,(anonymous_4)
FNDA:1,(anonymous_5)
DA:2,1
DA:35,1
DA:38,2
DA:41,1
DA:46,1
DA:49,1
DA:54,1
DA:57,1
DA:62,1
DA:65,1
DA:70,1
DA:73,1
DA:78,1
DA:81,1
LF:14
LH:14
BRF:0
BRH:0
end_of_record
TN:
SF:src\services\http.ts
FNF:0
FNH:0
DA:4,0
DA:8,0
LF:2
LH:0
BRDA:4,0,0,0
BRDA:4,0,1,0
BRDA:4,0,2,0
BRDA:4,0,3,0
BRF:4
BRH:0
end_of_record
TN:
SF:src\services\postService.ts
FN:6,(anonymous_0)
FN:10,(anonymous_1)
FN:14,(anonymous_2)
FN:18,(anonymous_3)
FN:22,(anonymous_4)
FNF:5
FNH:5
FNDA:1,(anonymous_0)
FNDA:2,(anonymous_1)
FNDA:1,(anonymous_2)
FNDA:1,(anonymous_3)
FNDA:1,(anonymous_4)
DA:1,1
DA:5,1
DA:7,1
DA:8,1
DA:11,2
DA:12,1
DA:15,1
DA:16,1
DA:19,1
DA:20,1
DA:23,1
LF:11
LH:11
BRF:0
BRH:0
end_of_record
TN:
SF:src\services\profileService.ts
FN:5,(anonymous_0)
FN:9,(anonymous_1)
FNF:2
FNH:2
FNDA:1,(anonymous_0)
FNDA:2,(anonymous_1)
DA:1,1
DA:4,1
DA:6,1
DA:7,1
DA:10,2
DA:11,1
LF:6
LH:6
BRF:0
BRH:0
end_of_record
TN:
SF:src\types\profile.ts
FNF:0
FNH:0
DA:10,2
LF:1
LH:1
BRF:0
BRH:0
end_of_record
